This is pdfTeX, Version 3.14159265-2.6-1.40.19 (MiKTeX 2.9.6800 64-bit) (preloaded format=pdflatex 2018.9.20)  31 OCT 2018 09:50
entering extended mode
**./eso.tex
(eso.tex
LaTeX2e <2018-04-01> patch level 5
(bcc.cls
Document Class: bcc 2016/07/08 v1.0 Modelo BCC::UAG::UFRPE
("C:\Users\EMANUEL\AppData\Local\Programs\MiKTeX 2.9\tex\latex\base\report.cls"
Document Class: report 2014/09/29 v1.4h Standard LaTeX document class
("C:\Users\EMANUEL\AppData\Local\Programs\MiKTeX 2.9\tex\latex\base\size12.clo"
File: size12.clo 2014/09/29 v1.4h Standard LaTeX file (size option)
)
\c@part=\count80
\c@chapter=\count81
\c@section=\count82
\c@subsection=\count83
\c@subsubsection=\count84
\c@paragraph=\count85
\c@subparagraph=\count86
\c@figure=\count87
\c@table=\count88
\abovecaptionskip=\skip41
\belowcaptionskip=\skip42
\bibindent=\dimen102
)
("C:\Users\EMANUEL\AppData\Local\Programs\MiKTeX 2.9\tex\latex\base\fontenc.sty
"
Package: fontenc 2017/04/05 v2.0i Standard LaTeX package
 ("C:\Users\EMANUEL\AppData\Local\Programs\MiKTeX 2.9\tex\latex\base\t1enc.def"
File: t1enc.def 2017/04/05 v2.0i Standard LaTeX file
LaTeX Font Info:    Redeclaring font encoding T1 on input line 48.
))
("C:\Users\EMANUEL\AppData\Local\Programs\MiKTeX 2.9\tex\latex\graphics\graphic
x.sty"
Package: graphicx 2017/06/01 v1.1a Enhanced LaTeX Graphics (DPC,SPQR)

("C:\Users\EMANUEL\AppData\Local\Programs\MiKTeX 2.9\tex\latex\graphics\keyval.
sty"
Package: keyval 2014/10/28 v1.15 key=value parser (DPC)
\KV@toks@=\toks14
)
("C:\Users\EMANUEL\AppData\Local\Programs\MiKTeX 2.9\tex\latex\graphics\graphic
s.sty"
Package: graphics 2017/06/25 v1.2c Standard LaTeX Graphics (DPC,SPQR)

("C:\Users\EMANUEL\AppData\Local\Programs\MiKTeX 2.9\tex\latex\graphics\trig.st
y"
Package: trig 2016/01/03 v1.10 sin cos tan (DPC)
)
("C:\Users\EMANUEL\AppData\Local\Programs\MiKTeX 2.9\tex\latex\graphics-cfg\gra
phics.cfg"
File: graphics.cfg 2016/06/04 v1.11 sample graphics configuration
)
Package graphics Info: Driver file: pdftex.def on input line 99.

("C:\Users\EMANUEL\AppData\Local\Programs\MiKTeX 2.9\tex\latex\graphics-def\pdf
tex.def"
File: pdftex.def 2018/01/08 v1.0l Graphics/color driver for pdftex
))
\Gin@req@height=\dimen103
\Gin@req@width=\dimen104
)
("C:\Users\EMANUEL\AppData\Local\Programs\MiKTeX 2.9\tex\latex\setspace\setspac
e.sty"
Package: setspace 2011/12/19 v6.7a set line spacing
)
("C:\Users\EMANUEL\AppData\Local\Programs\MiKTeX 2.9\tex\latex\tools\calc.sty"
Package: calc 2017/05/25 v4.3 Infix arithmetic (KKT,FJ)
\calc@Acount=\count89
\calc@Bcount=\count90
\calc@Adimen=\dimen105
\calc@Bdimen=\dimen106
\calc@Askip=\skip43
\calc@Bskip=\skip44
LaTeX Info: Redefining \setlength on input line 80.
LaTeX Info: Redefining \addtolength on input line 81.
\calc@Ccount=\count91
\calc@Cskip=\skip45
)
("C:\Users\EMANUEL\AppData\Local\Programs\MiKTeX 2.9\tex\latex\fancyhdr\fancyhd
r.sty"
Package: fancyhdr 2017/06/30 v3.9a Extensive control of page headers and footer
s
\f@nch@headwidth=\skip46
\f@nch@O@elh=\skip47
\f@nch@O@erh=\skip48
\f@nch@O@olh=\skip49
\f@nch@O@orh=\skip50
\f@nch@O@elf=\skip51
\f@nch@O@erf=\skip52
\f@nch@O@olf=\skip53
\f@nch@O@orf=\skip54
)
("C:\Users\EMANUEL\AppData\Local\Programs\MiKTeX 2.9\tex\latex\listings\listing
s.sty"
\lst@mode=\count92
\lst@gtempboxa=\box26
\lst@token=\toks15
\lst@length=\count93
\lst@currlwidth=\dimen107
\lst@column=\count94
\lst@pos=\count95
\lst@lostspace=\dimen108
\lst@width=\dimen109
\lst@newlines=\count96
\lst@lineno=\count97
\lst@maxwidth=\dimen110

("C:\Users\EMANUEL\AppData\Local\Programs\MiKTeX 2.9\tex\latex\listings\lstmisc
.sty"
File: lstmisc.sty 2018/09/02 1.7 (Carsten Heinz)
\c@lstnumber=\count98
\lst@skipnumbers=\count99
\lst@framebox=\box27
)
("C:\Users\EMANUEL\AppData\Local\Programs\MiKTeX 2.9\tex\latex\listings\listing
s.cfg"
File: listings.cfg 2018/09/02 1.7 listings configuration
))
Package: listings 2018/09/02 1.7 (Carsten Heinz)

("C:\Users\EMANUEL\AppData\Local\Programs\MiKTeX 2.9\tex\latex\base\inputenc.st
y"
Package: inputenc 2018/04/06 v1.3b Input encoding file
\inpenc@prehook=\toks16
\inpenc@posthook=\toks17
)
("C:\Users\EMANUEL\AppData\Local\Programs\MiKTeX 2.9\tex\latex\geometry\geometr
y.sty"
Package: geometry 2018/04/16 v5.8 Page Geometry

("C:\Users\EMANUEL\AppData\Local\Programs\MiKTeX 2.9\tex\generic\oberdiek\ifpdf
.sty"
Package: ifpdf 2017/03/15 v3.2 Provides the ifpdf switch
)
("C:\Users\EMANUEL\AppData\Local\Programs\MiKTeX 2.9\tex\generic\oberdiek\ifvte
x.sty"
Package: ifvtex 2016/05/16 v1.6 Detect VTeX and its facilities (HO)
Package ifvtex Info: VTeX not detected.
)
("C:\Users\EMANUEL\AppData\Local\Programs\MiKTeX 2.9\tex\generic\ifxetex\ifxete
x.sty"
Package: ifxetex 2010/09/12 v0.6 Provides ifxetex conditional
)
\Gm@cnth=\count100
\Gm@cntv=\count101
\c@Gm@tempcnt=\count102
\Gm@bindingoffset=\dimen111
\Gm@wd@mp=\dimen112
\Gm@odd@mp=\dimen113
\Gm@even@mp=\dimen114
\Gm@layoutwidth=\dimen115
\Gm@layoutheight=\dimen116
\Gm@layouthoffset=\dimen117
\Gm@layoutvoffset=\dimen118
\Gm@dimlist=\toks18

("C:\Users\EMANUEL\AppData\Local\Programs\MiKTeX 2.9\tex\latex\geometry\geometr
y.cfg"))
("C:\Users\EMANUEL\AppData\Local\Programs\MiKTeX 2.9\tex\generic\babel\babel.st
y"
Package: babel 2018/06/05 3.22 The Babel package

("C:\Users\EMANUEL\AppData\Local\Programs\MiKTeX 2.9\tex\generic\babel\switch.d
ef"
File: switch.def 2018/06/05 3.22 Babel switching mechanism
)
*************************************
* Local config file bblopts.cfg used
*

("C:\Users\EMANUEL\AppData\Local\Programs\MiKTeX 2.9\tex\latex\arabi\bblopts.cf
g"
File: bblopts.cfg 2005/09/08 v0.1 add Arabic and Farsi to "declared" options of
 babel
)
("C:\Users\EMANUEL\AppData\Local\Programs\MiKTeX 2.9\tex\latex\babel-portuges\p
ortuges.ldf"
Language: portuges 2008/03/18 v1.2q Portuguese support from the babel system

("C:\Users\EMANUEL\AppData\Local\Programs\MiKTeX 2.9\tex\generic\babel\babel.de
f"
File: babel.def 2018/06/05 3.22 Babel common definitions
\babel@savecnt=\count103
\U@D=\dimen119

("C:\Users\EMANUEL\AppData\Local\Programs\MiKTeX 2.9\tex\generic\babel\txtbabel
.def")
\bbl@dirlevel=\count104
)
Package babel Info: Making " an active character on input line 145.
)
("C:\Users\EMANUEL\AppData\Local\Programs\MiKTeX 2.9\tex\latex\babel-english\en
glish.ldf"
Language: english 2017/06/06 v3.3r English support from the babel system
\l@canadian = a dialect from \language\l@american 
\l@australian = a dialect from \language\l@british 
\l@newzealand = a dialect from \language\l@british 
))
("C:\Users\EMANUEL\AppData\Local\Programs\MiKTeX 2.9\tex\latex\natbib\natbib.st
y"
Package: natbib 2010/09/13 8.31b (PWD, AO)
\bibhang=\skip55
\bibsep=\skip56
LaTeX Info: Redefining \cite on input line 694.
\c@NAT@ctr=\count105
) ("C:\Users\EMANUEL\AppData\Local\Programs\MiKTeX 2.9\tex\latex\url\url.sty"
\Urlmuskip=\muskip10
Package: url 2013/09/16  ver 3.4  Verb mode for urls, etc.
) ("C:\Users\EMANUEL\AppData\Local\Programs\MiKTeX 2.9\tex\latex\base\doc.sty"
Package: doc 2018/02/01 v2.1h Standard LaTeX documentation package (FMi)
\c@StandardModuleDepth=\count106
\guard@level=\count107
\MacrocodeTopsep=\skip57
\MacroIndent=\dimen120
\macro@cnt=\count108
\MacroTopsep=\skip58
\index@excludelist=\toks19

("C:\Users\EMANUEL\AppData\Local\Programs\MiKTeX 2.9\tex\latex\tools\multicol.s
ty"
Package: multicol 2018/04/20 v1.8s multicolumn formatting (FMi)
\c@tracingmulticols=\count109
\mult@box=\box28
\multicol@leftmargin=\dimen121
\c@unbalance=\count110
\c@collectmore=\count111
\doublecol@number=\count112
\multicoltolerance=\count113
\multicolpretolerance=\count114
\full@width=\dimen122
\page@free=\dimen123
\premulticols=\dimen124
\postmulticols=\dimen125
\multicolsep=\skip59
\multicolbaselineskip=\skip60
\partial@page=\box29
\last@line=\box30
\maxbalancingoverflow=\dimen126
\mult@rightbox=\box31
\mult@grightbox=\box32
\mult@gfirstbox=\box33
\mult@firstbox=\box34
\@tempa=\box35
\@tempa=\box36
\@tempa=\box37
\@tempa=\box38
\@tempa=\box39
\@tempa=\box40
\@tempa=\box41
\@tempa=\box42
\@tempa=\box43
\@tempa=\box44
\@tempa=\box45
\@tempa=\box46
\@tempa=\box47
\@tempa=\box48
\@tempa=\box49
\@tempa=\box50
\@tempa=\box51
\c@columnbadness=\count115
\c@finalcolumnbadness=\count116
\last@try=\dimen127
\multicolovershoot=\dimen128
\multicolundershoot=\dimen129
\mult@nat@firstbox=\box52
\colbreak@box=\box53
\mc@col@check@num=\count117
)
\IndexMin=\dimen130
\c@IndexColumns=\count118
\GlossaryMin=\dimen131
\c@GlossaryColumns=\count119
\check@sum=\count120
\bslash@cnt=\count121
\wrong@table=\toks20
\c@CodelineNo=\count122
)
("C:\Users\EMANUEL\AppData\Local\Programs\MiKTeX 2.9\tex\latex\graphics\color.s
ty"
Package: color 2016/07/10 v1.1e Standard LaTeX Color (DPC)

("C:\Users\EMANUEL\AppData\Local\Programs\MiKTeX 2.9\tex\latex\graphics-cfg\col
or.cfg"
File: color.cfg 2016/01/02 v1.6 sample color configuration
)
Package color Info: Driver file: pdftex.def on input line 147.
)
("C:\Users\EMANUEL\AppData\Local\Programs\MiKTeX 2.9\tex\latex\colortbl\colortb
l.sty"
Package: colortbl 2018/05/02 v1.0c Color table columns (DPC)

("C:\Users\EMANUEL\AppData\Local\Programs\MiKTeX 2.9\tex\latex\tools\array.sty"
Package: array 2018/04/30 v2.4h Tabular extension package (FMi)
\col@sep=\dimen132
\ar@mcellbox=\box54
\extrarowheight=\dimen133
\NC@list=\toks21
\extratabsurround=\skip61
\backup@length=\skip62
\ar@cellbox=\box55
)
\everycr=\toks22
\minrowclearance=\skip63
)
("C:\Users\EMANUEL\AppData\Local\Programs\MiKTeX 2.9\tex\latex\srcltx\srcltx.st
y"
Package: srcltx 2006/11/12 v1.6 Source specials for inverse search in DVI files


("C:\Users\EMANUEL\AppData\Local\Programs\MiKTeX 2.9\tex\latex\base\ifthen.sty"
Package: ifthen 2014/09/29 v1.1c Standard LaTeX ifthen package (DPC)
)
\src@lastline=\count123
\src@new@everypar=\toks23
\src@new@output=\toks24
)
("C:\Users\EMANUEL\AppData\Local\Programs\MiKTeX 2.9\tex\latex\l3packages\xpars
e\xparse.sty"
("C:\Users\EMANUEL\AppData\Local\Programs\MiKTeX 2.9\tex\latex\l3kernel\expl3.s
ty"
Package: expl3 2018-08-23 L3 programming layer (loader) 
Package srcltx Info: Expanded filename `expl3-code.tex' to `expl3-code.tex' on 
input line 76.

:<+ expl3-code.tex

("C:\Users\EMANUEL\AppData\Local\Programs\MiKTeX 2.9\tex\latex\l3kernel\expl3-c
ode.tex"
Package: expl3 2018-08-23 L3 programming layer (code)
\c_max_int=\count124
\l_tmpa_int=\count125
\l_tmpb_int=\count126
\g_tmpa_int=\count127
\g_tmpb_int=\count128
\g__kernel_prg_map_int=\count129
\c_log_iow=\count130
\l_iow_line_count_int=\count131
\l__iow_line_target_int=\count132
\l__iow_one_indent_int=\count133
\l__iow_indent_int=\count134
\c_zero_dim=\dimen134
\c_max_dim=\dimen135
\l_tmpa_dim=\dimen136
\l_tmpb_dim=\dimen137
\g_tmpa_dim=\dimen138
\g_tmpb_dim=\dimen139
\c_zero_skip=\skip64
\c_max_skip=\skip65
\l_tmpa_skip=\skip66
\l_tmpb_skip=\skip67
\g_tmpa_skip=\skip68
\g_tmpb_skip=\skip69
\c_zero_muskip=\muskip11
\c_max_muskip=\muskip12
\l_tmpa_muskip=\muskip13
\l_tmpb_muskip=\muskip14
\g_tmpa_muskip=\muskip15
\g_tmpb_muskip=\muskip16
\l_keys_choice_int=\count135
\l__intarray_loop_int=\count136
\c__intarray_sp_dim=\dimen140
\g__intarray_font_int=\count137
\c__fp_leading_shift_int=\count138
\c__fp_middle_shift_int=\count139
\c__fp_trailing_shift_int=\count140
\c__fp_big_leading_shift_int=\count141
\c__fp_big_middle_shift_int=\count142
\c__fp_big_trailing_shift_int=\count143
\c__fp_Bigg_leading_shift_int=\count144
\c__fp_Bigg_middle_shift_int=\count145
\c__fp_Bigg_trailing_shift_int=\count146
\c__kernel_randint_max_int=\count147
\g__fp_array_int=\count148
\l__fp_array_loop_int=\count149
\l__sort_length_int=\count150
\l__sort_min_int=\count151
\l__sort_top_int=\count152
\l__sort_max_int=\count153
\l__sort_true_max_int=\count154
\l__sort_block_int=\count155
\l__sort_begin_int=\count156
\l__sort_end_int=\count157
\l__sort_A_int=\count158
\l__sort_B_int=\count159
\l__sort_C_int=\count160
\l__tl_analysis_normal_int=\count161
\l__tl_analysis_index_int=\count162
\l__tl_analysis_nesting_int=\count163
\l__tl_analysis_type_int=\count164
\l__regex_internal_a_int=\count165
\l__regex_internal_b_int=\count166
\l__regex_internal_c_int=\count167
\l__regex_balance_int=\count168
\l__regex_group_level_int=\count169
\l__regex_mode_int=\count170
\c__regex_cs_in_class_mode_int=\count171
\c__regex_cs_mode_int=\count172
\l__regex_catcodes_int=\count173
\l__regex_default_catcodes_int=\count174
\c__regex_catcode_D_int=\count175
\c__regex_catcode_S_int=\count176
\c__regex_catcode_L_int=\count177
\c__regex_catcode_O_int=\count178
\c__regex_catcode_A_int=\count179
\c__regex_all_catcodes_int=\count180
\l__regex_show_lines_int=\count181
\l__regex_min_state_int=\count182
\l__regex_max_state_int=\count183
\l__regex_left_state_int=\count184
\l__regex_right_state_int=\count185
\l__regex_capturing_group_int=\count186
\l__regex_min_pos_int=\count187
\l__regex_max_pos_int=\count188
\l__regex_curr_pos_int=\count189
\l__regex_start_pos_int=\count190
\l__regex_success_pos_int=\count191
\l__regex_curr_char_int=\count192
\l__regex_curr_catcode_int=\count193
\l__regex_last_char_int=\count194
\l__regex_case_changed_char_int=\count195
\l__regex_curr_state_int=\count196
\l__regex_step_int=\count197
\l__regex_min_active_int=\count198
\l__regex_max_active_int=\count199
\l__regex_replacement_csnames_int=\count266
\l__regex_match_count_int=\count267
\l__regex_min_submatch_int=\count268
\l__regex_submatch_int=\count269
\l__regex_zeroth_submatch_int=\count270
\g__regex_trace_regex_int=\count271
\c_empty_box=\box56
\l_tmpa_box=\box57
\l_tmpb_box=\box58
\g_tmpa_box=\box59
\g_tmpb_box=\box60
\l__box_top_dim=\dimen141
\l__box_bottom_dim=\dimen142
\l__box_left_dim=\dimen143
\l__box_right_dim=\dimen144
\l__box_top_new_dim=\dimen145
\l__box_bottom_new_dim=\dimen146
\l__box_left_new_dim=\dimen147
\l__box_right_new_dim=\dimen148
\l__box_internal_box=\box61
\l__coffin_internal_box=\box62
\l__coffin_internal_dim=\dimen149
\l__coffin_offset_x_dim=\dimen150
\l__coffin_offset_y_dim=\dimen151
\l__coffin_x_dim=\dimen152
\l__coffin_y_dim=\dimen153
\l__coffin_x_prime_dim=\dimen154
\l__coffin_y_prime_dim=\dimen155
\c_empty_coffin=\box63
\l__coffin_aligned_coffin=\box64
\l__coffin_aligned_internal_coffin=\box65
\l_tmpa_coffin=\box66
\l_tmpb_coffin=\box67
\l__coffin_display_coffin=\box68
\l__coffin_display_coord_coffin=\box69
\l__coffin_display_pole_coffin=\box70
\l__coffin_display_offset_dim=\dimen156
\l__coffin_display_x_dim=\dimen157
\l__coffin_display_y_dim=\dimen158
\g__file_internal_ior=\read1
\l__coffin_bounding_shift_dim=\dimen159
\l__coffin_left_corner_dim=\dimen160
\l__coffin_right_corner_dim=\dimen161
\l__coffin_bottom_corner_dim=\dimen162
\l__coffin_top_corner_dim=\dimen163
\l__coffin_scaled_total_height_dim=\dimen164
\l__coffin_scaled_width_dim=\dimen165
\l__seq_internal_a_int=\count272
\l__seq_internal_b_int=\count273
)
:<-

("C:\Users\EMANUEL\AppData\Local\Programs\MiKTeX 2.9\tex\latex\l3kernel\l3pdfmo
de.def"
File: l3pdfmode.def 2018-08-23 v L3 Experimental driver: PDF mode
\l__driver_color_stack_int=\count274
))
Package: xparse 2018-08-23 L3 Experimental document command parser
\l__xparse_current_arg_int=\count275
\g__xparse_grabber_int=\count276
\l__xparse_m_args_int=\count277
\l__xparse_mandatory_args_int=\count278
\l__xparse_v_nesting_int=\count279
)
("C:\Users\EMANUEL\AppData\Local\Programs\MiKTeX 2.9\tex\latex\amsmath\amsmath.
sty"
Package: amsmath 2017/09/02 v2.17a AMS math features
\@mathmargin=\skip70

For additional information on amsmath, use the `?' option.

("C:\Users\EMANUEL\AppData\Local\Programs\MiKTeX 2.9\tex\latex\amsmath\amstext.
sty"
Package: amstext 2000/06/29 v2.01 AMS text

("C:\Users\EMANUEL\AppData\Local\Programs\MiKTeX 2.9\tex\latex\amsmath\amsgen.s
ty"
File: amsgen.sty 1999/11/30 v2.0 generic functions
\@emptytoks=\toks25
\ex@=\dimen166
))
("C:\Users\EMANUEL\AppData\Local\Programs\MiKTeX 2.9\tex\latex\amsmath\amsbsy.s
ty"
Package: amsbsy 1999/11/29 v1.2d Bold Symbols
\pmbraise@=\dimen167
)
("C:\Users\EMANUEL\AppData\Local\Programs\MiKTeX 2.9\tex\latex\amsmath\amsopn.s
ty"
Package: amsopn 2016/03/08 v2.02 operator names
)
\inf@bad=\count280
LaTeX Info: Redefining \frac on input line 213.
\uproot@=\count281
\leftroot@=\count282
LaTeX Info: Redefining \overline on input line 375.
\classnum@=\count283
\DOTSCASE@=\count284
LaTeX Info: Redefining \ldots on input line 472.
LaTeX Info: Redefining \dots on input line 475.
LaTeX Info: Redefining \cdots on input line 596.
\Mathstrutbox@=\box71
\strutbox@=\box72
\big@size=\dimen168
LaTeX Font Info:    Redeclaring font encoding OML on input line 712.
LaTeX Font Info:    Redeclaring font encoding OMS on input line 713.
\macc@depth=\count285
\c@MaxMatrixCols=\count286
\dotsspace@=\muskip17
\c@parentequation=\count287
\dspbrk@lvl=\count288
\tag@help=\toks26
\row@=\count289
\column@=\count290
\maxfields@=\count291
\andhelp@=\toks27
\eqnshift@=\dimen169
\alignsep@=\dimen170
\tagshift@=\dimen171
\tagwidth@=\dimen172
\totwidth@=\dimen173
\lineht@=\dimen174
\@envbody=\toks28
\multlinegap=\skip71
\multlinetaggap=\skip72
\mathdisplay@stack=\toks29
LaTeX Info: Redefining \[ on input line 2817.
LaTeX Info: Redefining \] on input line 2818.
)
("C:\Users\EMANUEL\AppData\Local\Programs\MiKTeX 2.9\tex\latex\amscls\amsthm.st
y"
Package: amsthm 2017/10/31 v2.20.4
\thm@style=\toks30
\thm@bodyfont=\toks31
\thm@headfont=\toks32
\thm@notefont=\toks33
\thm@headpunct=\toks34
\thm@preskip=\skip73
\thm@postskip=\skip74
\thm@headsep=\skip75
\dth@everypar=\toks35
) ("C:\Users\EMANUEL\AppData\Local\Programs\MiKTeX 2.9\tex\latex\bbm\bbm.sty"
Package: bbm 1999/03/15 V 1.2 provides fonts for set symbols - TH
LaTeX Font Info:    Overwriting math alphabet `\mathbbm' in version `bold'
(Font)                  U/bbm/m/n --> U/bbm/bx/n on input line 33.
LaTeX Font Info:    Overwriting math alphabet `\mathbbmss' in version `bold'
(Font)                  U/bbmss/m/n --> U/bbmss/bx/n on input line 35.
)
("C:\Users\EMANUEL\AppData\Local\Programs\MiKTeX 2.9\tex\latex\amsfonts\amssymb
.sty"
Package: amssymb 2013/01/14 v3.01 AMS font symbols

("C:\Users\EMANUEL\AppData\Local\Programs\MiKTeX 2.9\tex\latex\amsfonts\amsfont
s.sty"
Package: amsfonts 2013/01/14 v3.01 Basic AMSFonts support
\symAMSa=\mathgroup4
\symAMSb=\mathgroup5
LaTeX Font Info:    Overwriting math alphabet `\mathfrak' in version `bold'
(Font)                  U/euf/m/n --> U/euf/b/n on input line 106.
))
("C:\Users\EMANUEL\AppData\Local\Programs\MiKTeX 2.9\tex\latex\amsmath\amscd.st
y"
Package: amscd 2017/04/14 v2.1 AMS Commutative Diagrams
\athelp@=\toks36
\minaw@=\dimen175
\bigaw@=\dimen176
\minCDarrowwidth=\dimen177
)
("C:\Users\EMANUEL\AppData\Local\Programs\MiKTeX 2.9\tex\latex\units\units.sty"
Package: units 1998/08/04 v0.9b Typesetting units

("C:\Users\EMANUEL\AppData\Local\Programs\MiKTeX 2.9\tex\latex\units\nicefrac.s
ty"
Package: nicefrac 1998/08/04 v0.9b Nice fractions
\L@UnitsRaiseDisplaystyle=\skip76
\L@UnitsRaiseTextstyle=\skip77
\L@UnitsRaiseScriptstyle=\skip78
))
("C:\Users\EMANUEL\AppData\Local\Programs\MiKTeX 2.9\tex\latex\doublestroke\dsf
ont.sty"
Package: dsfont 1995/08/01 v0.1 Double stroke roman fonts
)
("C:\Users\EMANUEL\AppData\Local\Programs\MiKTeX 2.9\tex\latex\booktabs\booktab
s.sty"
Package: booktabs 2005/04/14 v1.61803 publication quality tables
\heavyrulewidth=\dimen178
\lightrulewidth=\dimen179
\cmidrulewidth=\dimen180
\belowrulesep=\dimen181
\belowbottomsep=\dimen182
\aboverulesep=\dimen183
\abovetopsep=\dimen184
\cmidrulesep=\dimen185
\cmidrulekern=\dimen186
\defaultaddspace=\dimen187
\@cmidla=\count292
\@cmidlb=\count293
\@aboverulesep=\dimen188
\@belowrulesep=\dimen189
\@thisruleclass=\count294
\@lastruleclass=\count295
\@thisrulewidth=\dimen190
)
("C:\Users\EMANUEL\AppData\Local\Programs\MiKTeX 2.9\tex\latex\tools\indentfirs
t.sty"
Package: indentfirst 1995/11/23 v1.03 Indent first paragraph (DPC)
)
("C:\Users\EMANUEL\AppData\Local\Programs\MiKTeX 2.9\tex\latex\tools\enumerate.
sty"
Package: enumerate 2015/07/23 v3.00 enumerate extensions (DPC)
\@enLab=\toks37
)
("C:\Users\EMANUEL\AppData\Local\Programs\MiKTeX 2.9\tex\latex\graphics\rotatin
g.sty"
Package: rotating 2016/08/11 v2.16d rotated objects in LaTeX
\c@r@tfl@t=\count296
\rotFPtop=\skip79
\rotFPbot=\skip80
\rot@float@box=\box73
\rot@mess@toks=\toks38
)
("C:\Users\EMANUEL\AppData\Local\Programs\MiKTeX 2.9\tex\latex\algorithms\algor
ithm.sty"
Package: algorithm 2009/08/24 v0.1 Document Style `algorithm' - floating enviro
nment

("C:\Users\EMANUEL\AppData\Local\Programs\MiKTeX 2.9\tex\latex\float\float.sty"
Package: float 2001/11/08 v1.3d Float enhancements (AL)
\c@float@type=\count297
\float@exts=\toks39
\float@box=\box74
\@float@everytoks=\toks40
\@floatcapt=\box75
)
\@float@every@algorithm=\toks41
\c@algorithm=\count298
)
("C:\Users\EMANUEL\AppData\Local\Programs\MiKTeX 2.9\tex\latex\algorithmicx\alg
pseudocode.sty"
Package: algpseudocode 

("C:\Users\EMANUEL\AppData\Local\Programs\MiKTeX 2.9\tex\latex\algorithmicx\alg
orithmicx.sty"
Package: algorithmicx 2005/04/27 v1.2 Algorithmicx

Document Style algorithmicx 1.2 - a greatly improved `algorithmic' style
\c@ALG@line=\count299
\c@ALG@rem=\count300
\c@ALG@nested=\count301
\ALG@tlm=\skip81
\ALG@thistlm=\skip82
\c@ALG@Lnr=\count302
\c@ALG@blocknr=\count303
\c@ALG@storecount=\count304
\c@ALG@tmpcounter=\count305
\ALG@tmplength=\skip83
)
Document Style - pseudocode environments for use with the `algorithmicx' style
)
("C:\Users\EMANUEL\AppData\Local\Programs\MiKTeX 2.9\tex\latex\pgf\frontendlaye
r\tikz.sty"
("C:\Users\EMANUEL\AppData\Local\Programs\MiKTeX 2.9\tex\latex\pgf\basiclayer\p
gf.sty"
("C:\Users\EMANUEL\AppData\Local\Programs\MiKTeX 2.9\tex\latex\pgf\utilities\pg
frcs.sty"
("C:\Users\EMANUEL\AppData\Local\Programs\MiKTeX 2.9\tex\generic\pgf\utilities\
pgfutil-common.tex"
\pgfutil@everybye=\toks42
\pgfutil@tempdima=\dimen191
\pgfutil@tempdimb=\dimen192

("C:\Users\EMANUEL\AppData\Local\Programs\MiKTeX 2.9\tex\generic\pgf\utilities\
pgfutil-common-lists.tex"))
("C:\Users\EMANUEL\AppData\Local\Programs\MiKTeX 2.9\tex\generic\pgf\utilities\
pgfutil-latex.def"
\pgfutil@abb=\box76

("C:\Users\EMANUEL\AppData\Local\Programs\MiKTeX 2.9\tex\latex\ms\everyshi.sty"
Package: everyshi 2001/05/15 v3.00 EveryShipout Package (MS)
))
Package srcltx Info: Expanded filename `pgfrcs.code.tex' to `pgfrcs.code.tex' o
n input line 13.

:<+ pgfrcs.code.tex

("C:\Users\EMANUEL\AppData\Local\Programs\MiKTeX 2.9\tex\generic\pgf\utilities\
pgfrcs.code.tex"
Package: pgfrcs 2015/08/07 v3.0.1a (rcs-revision 1.31)
)
:<-
)
Package: pgf 2015/08/07 v3.0.1a (rcs-revision 1.15)

("C:\Users\EMANUEL\AppData\Local\Programs\MiKTeX 2.9\tex\latex\pgf\basiclayer\p
gfcore.sty"
("C:\Users\EMANUEL\AppData\Local\Programs\MiKTeX 2.9\tex\latex\pgf\systemlayer\
pgfsys.sty"
Package srcltx Info: Expanded filename `pgfsys.code.tex' to `pgfsys.code.tex' o
n input line 16.

:<+ pgfsys.code.tex

("C:\Users\EMANUEL\AppData\Local\Programs\MiKTeX 2.9\tex\generic\pgf\systemlaye
r\pgfsys.code.tex"
Package: pgfsys 2014/07/09 v3.0.1a (rcs-revision 1.48)

("C:\Users\EMANUEL\AppData\Local\Programs\MiKTeX 2.9\tex\generic\pgf\utilities\
pgfkeys.code.tex"
\pgfkeys@pathtoks=\toks43
\pgfkeys@temptoks=\toks44

("C:\Users\EMANUEL\AppData\Local\Programs\MiKTeX 2.9\tex\generic\pgf\utilities\
pgfkeysfiltered.code.tex"
\pgfkeys@tmptoks=\toks45
))
\pgf@x=\dimen193
\pgf@y=\dimen194
\pgf@xa=\dimen195
\pgf@ya=\dimen196
\pgf@xb=\dimen197
\pgf@yb=\dimen198
\pgf@xc=\dimen199
\pgf@yc=\dimen256
\w@pgf@writea=\write3
\r@pgf@reada=\read2
\c@pgf@counta=\count306
\c@pgf@countb=\count307
\c@pgf@countc=\count308
\c@pgf@countd=\count309
\t@pgf@toka=\toks46
\t@pgf@tokb=\toks47
\t@pgf@tokc=\toks48

("C:\Users\EMANUEL\AppData\Local\Programs\MiKTeX 2.9\tex\generic\pgf\systemlaye
r\pgf.cfg"
File: pgf.cfg 2008/05/14  (rcs-revision 1.7)
)
Driver file for pgf: pgfsys-pdftex.def

("C:\Users\EMANUEL\AppData\Local\Programs\MiKTeX 2.9\tex\generic\pgf\systemlaye
r\pgfsys-pdftex.def"
File: pgfsys-pdftex.def 2014/10/11  (rcs-revision 1.35)

("C:\Users\EMANUEL\AppData\Local\Programs\MiKTeX 2.9\tex\generic\pgf\systemlaye
r\pgfsys-common-pdf.def"
File: pgfsys-common-pdf.def 2013/10/10  (rcs-revision 1.13)
)))
:<-
Package srcltx Info: Expanded filename `pgfsyssoftpath.code.tex' to `pgfsyssoft
path.code.tex' on input line 17.
:<+ pgfsyssoftpath.code.tex

("C:\Users\EMANUEL\AppData\Local\Programs\MiKTeX 2.9\tex\generic\pgf\systemlaye
r\pgfsyssoftpath.code.tex"
File: pgfsyssoftpath.code.tex 2013/09/09  (rcs-revision 1.9)
\pgfsyssoftpath@smallbuffer@items=\count310
\pgfsyssoftpath@bigbuffer@items=\count311
)
:<-
Package srcltx Info: Expanded filename `pgfsysprotocol.code.tex' to `pgfsysprot
ocol.code.tex' on input line 18.
:<+ pgfsysprotocol.code.tex

("C:\Users\EMANUEL\AppData\Local\Programs\MiKTeX 2.9\tex\generic\pgf\systemlaye
r\pgfsysprotocol.code.tex"
File: pgfsysprotocol.code.tex 2006/10/16  (rcs-revision 1.4)
)
:<-
)
("C:\Users\EMANUEL\AppData\Local\Programs\MiKTeX 2.9\tex\latex\xcolor\xcolor.st
y"
Package: xcolor 2016/05/11 v2.12 LaTeX color extensions (UK)

("C:\Users\EMANUEL\AppData\Local\Programs\MiKTeX 2.9\tex\latex\graphics-cfg\col
or.cfg"
File: color.cfg 2016/01/02 v1.6 sample color configuration
)
Package xcolor Info: Driver file: pdftex.def on input line 225.
LaTeX Info: Redefining \color on input line 709.
Package xcolor Info: Model `cmy' substituted by `cmy0' on input line 1348.
Package xcolor Info: Model `hsb' substituted by `rgb' on input line 1352.
Package xcolor Info: Model `RGB' extended on input line 1364.
Package xcolor Info: Model `HTML' substituted by `rgb' on input line 1366.
Package xcolor Info: Model `Hsb' substituted by `hsb' on input line 1367.
Package xcolor Info: Model `tHsb' substituted by `hsb' on input line 1368.
Package xcolor Info: Model `HSB' substituted by `hsb' on input line 1369.
Package xcolor Info: Model `Gray' substituted by `gray' on input line 1370.
Package xcolor Info: Model `wave' substituted by `hsb' on input line 1371.
)
Package srcltx Info: Expanded filename `pgfcore.code.tex' to `pgfcore.code.tex'
 on input line 17.

:<+ pgfcore.code.tex

("C:\Users\EMANUEL\AppData\Local\Programs\MiKTeX 2.9\tex\generic\pgf\basiclayer
\pgfcore.code.tex"
Package: pgfcore 2010/04/11 v3.0.1a (rcs-revision 1.7)

("C:\Users\EMANUEL\AppData\Local\Programs\MiKTeX 2.9\tex\generic\pgf\math\pgfma
th.code.tex"
("C:\Users\EMANUEL\AppData\Local\Programs\MiKTeX 2.9\tex\generic\pgf\math\pgfma
thcalc.code.tex"
("C:\Users\EMANUEL\AppData\Local\Programs\MiKTeX 2.9\tex\generic\pgf\math\pgfma
thutil.code.tex")
("C:\Users\EMANUEL\AppData\Local\Programs\MiKTeX 2.9\tex\generic\pgf\math\pgfma
thparser.code.tex"
\pgfmath@dimen=\dimen257
\pgfmath@count=\count312
\pgfmath@box=\box77
\pgfmath@toks=\toks49
\pgfmath@stack@operand=\toks50
\pgfmath@stack@operation=\toks51
)
("C:\Users\EMANUEL\AppData\Local\Programs\MiKTeX 2.9\tex\generic\pgf\math\pgfma
thfunctions.code.tex"
("C:\Users\EMANUEL\AppData\Local\Programs\MiKTeX 2.9\tex\generic\pgf\math\pgfma
thfunctions.basic.code.tex")
("C:\Users\EMANUEL\AppData\Local\Programs\MiKTeX 2.9\tex\generic\pgf\math\pgfma
thfunctions.trigonometric.code.tex")
("C:\Users\EMANUEL\AppData\Local\Programs\MiKTeX 2.9\tex\generic\pgf\math\pgfma
thfunctions.random.code.tex")
("C:\Users\EMANUEL\AppData\Local\Programs\MiKTeX 2.9\tex\generic\pgf\math\pgfma
thfunctions.comparison.code.tex")
("C:\Users\EMANUEL\AppData\Local\Programs\MiKTeX 2.9\tex\generic\pgf\math\pgfma
thfunctions.base.code.tex")
("C:\Users\EMANUEL\AppData\Local\Programs\MiKTeX 2.9\tex\generic\pgf\math\pgfma
thfunctions.round.code.tex")
("C:\Users\EMANUEL\AppData\Local\Programs\MiKTeX 2.9\tex\generic\pgf\math\pgfma
thfunctions.misc.code.tex")
("C:\Users\EMANUEL\AppData\Local\Programs\MiKTeX 2.9\tex\generic\pgf\math\pgfma
thfunctions.integerarithmetics.code.tex")))
("C:\Users\EMANUEL\AppData\Local\Programs\MiKTeX 2.9\tex\generic\pgf\math\pgfma
thfloat.code.tex"
\c@pgfmathroundto@lastzeros=\count313
))
("C:\Users\EMANUEL\AppData\Local\Programs\MiKTeX 2.9\tex\generic\pgf\basiclayer
\pgfcorepoints.code.tex"
File: pgfcorepoints.code.tex 2013/10/07  (rcs-revision 1.27)
\pgf@picminx=\dimen258
\pgf@picmaxx=\dimen259
\pgf@picminy=\dimen260
\pgf@picmaxy=\dimen261
\pgf@pathminx=\dimen262
\pgf@pathmaxx=\dimen263
\pgf@pathminy=\dimen264
\pgf@pathmaxy=\dimen265
\pgf@xx=\dimen266
\pgf@xy=\dimen267
\pgf@yx=\dimen268
\pgf@yy=\dimen269
\pgf@zx=\dimen270
\pgf@zy=\dimen271
)
("C:\Users\EMANUEL\AppData\Local\Programs\MiKTeX 2.9\tex\generic\pgf\basiclayer
\pgfcorepathconstruct.code.tex"
File: pgfcorepathconstruct.code.tex 2013/10/07  (rcs-revision 1.29)
\pgf@path@lastx=\dimen272
\pgf@path@lasty=\dimen273
)
("C:\Users\EMANUEL\AppData\Local\Programs\MiKTeX 2.9\tex\generic\pgf\basiclayer
\pgfcorepathusage.code.tex"
File: pgfcorepathusage.code.tex 2014/11/02  (rcs-revision 1.24)
\pgf@shorten@end@additional=\dimen274
\pgf@shorten@start@additional=\dimen275
)
("C:\Users\EMANUEL\AppData\Local\Programs\MiKTeX 2.9\tex\generic\pgf\basiclayer
\pgfcorescopes.code.tex"
File: pgfcorescopes.code.tex 2015/05/08  (rcs-revision 1.46)
\pgfpic=\box78
\pgf@hbox=\box79
\pgf@layerbox@main=\box80
\pgf@picture@serial@count=\count314
)
("C:\Users\EMANUEL\AppData\Local\Programs\MiKTeX 2.9\tex\generic\pgf\basiclayer
\pgfcoregraphicstate.code.tex"
File: pgfcoregraphicstate.code.tex 2014/11/02  (rcs-revision 1.12)
\pgflinewidth=\dimen276
)
("C:\Users\EMANUEL\AppData\Local\Programs\MiKTeX 2.9\tex\generic\pgf\basiclayer
\pgfcoretransformations.code.tex"
File: pgfcoretransformations.code.tex 2015/08/07  (rcs-revision 1.20)
\pgf@pt@x=\dimen277
\pgf@pt@y=\dimen278
\pgf@pt@temp=\dimen279
)
("C:\Users\EMANUEL\AppData\Local\Programs\MiKTeX 2.9\tex\generic\pgf\basiclayer
\pgfcorequick.code.tex"
File: pgfcorequick.code.tex 2008/10/09  (rcs-revision 1.3)
)
("C:\Users\EMANUEL\AppData\Local\Programs\MiKTeX 2.9\tex\generic\pgf\basiclayer
\pgfcoreobjects.code.tex"
File: pgfcoreobjects.code.tex 2006/10/11  (rcs-revision 1.2)
)
("C:\Users\EMANUEL\AppData\Local\Programs\MiKTeX 2.9\tex\generic\pgf\basiclayer
\pgfcorepathprocessing.code.tex"
File: pgfcorepathprocessing.code.tex 2013/09/09  (rcs-revision 1.9)
)
("C:\Users\EMANUEL\AppData\Local\Programs\MiKTeX 2.9\tex\generic\pgf\basiclayer
\pgfcorearrows.code.tex"
File: pgfcorearrows.code.tex 2015/05/14  (rcs-revision 1.43)
\pgfarrowsep=\dimen280
)
("C:\Users\EMANUEL\AppData\Local\Programs\MiKTeX 2.9\tex\generic\pgf\basiclayer
\pgfcoreshade.code.tex"
File: pgfcoreshade.code.tex 2013/07/15  (rcs-revision 1.15)
\pgf@max=\dimen281
\pgf@sys@shading@range@num=\count315
)
("C:\Users\EMANUEL\AppData\Local\Programs\MiKTeX 2.9\tex\generic\pgf\basiclayer
\pgfcoreimage.code.tex"
File: pgfcoreimage.code.tex 2013/07/15  (rcs-revision 1.18)

("C:\Users\EMANUEL\AppData\Local\Programs\MiKTeX 2.9\tex\generic\pgf\basiclayer
\pgfcoreexternal.code.tex"
File: pgfcoreexternal.code.tex 2014/07/09  (rcs-revision 1.21)
\pgfexternal@startupbox=\box81
))
("C:\Users\EMANUEL\AppData\Local\Programs\MiKTeX 2.9\tex\generic\pgf\basiclayer
\pgfcorelayers.code.tex"
File: pgfcorelayers.code.tex 2013/07/18  (rcs-revision 1.7)
)
("C:\Users\EMANUEL\AppData\Local\Programs\MiKTeX 2.9\tex\generic\pgf\basiclayer
\pgfcoretransparency.code.tex"
File: pgfcoretransparency.code.tex 2013/09/30  (rcs-revision 1.5)
)
("C:\Users\EMANUEL\AppData\Local\Programs\MiKTeX 2.9\tex\generic\pgf\basiclayer
\pgfcorepatterns.code.tex"
File: pgfcorepatterns.code.tex 2013/11/07  (rcs-revision 1.5)
))
:<-
)
("C:\Users\EMANUEL\AppData\Local\Programs\MiKTeX 2.9\tex\generic\pgf\modules\pg
fmoduleshapes.code.tex"
File: pgfmoduleshapes.code.tex 2014/03/21  (rcs-revision 1.35)
\pgfnodeparttextbox=\box82
)
("C:\Users\EMANUEL\AppData\Local\Programs\MiKTeX 2.9\tex\generic\pgf\modules\pg
fmoduleplot.code.tex"
File: pgfmoduleplot.code.tex 2015/08/03  (rcs-revision 1.13)
)
("C:\Users\EMANUEL\AppData\Local\Programs\MiKTeX 2.9\tex\latex\pgf\compatibilit
y\pgfcomp-version-0-65.sty"
Package: pgfcomp-version-0-65 2007/07/03 v3.0.1a (rcs-revision 1.7)
\pgf@nodesepstart=\dimen282
\pgf@nodesepend=\dimen283
)
("C:\Users\EMANUEL\AppData\Local\Programs\MiKTeX 2.9\tex\latex\pgf\compatibilit
y\pgfcomp-version-1-18.sty"
Package: pgfcomp-version-1-18 2007/07/23 v3.0.1a (rcs-revision 1.1)
))
("C:\Users\EMANUEL\AppData\Local\Programs\MiKTeX 2.9\tex\latex\pgf\utilities\pg
ffor.sty"
("C:\Users\EMANUEL\AppData\Local\Programs\MiKTeX 2.9\tex\latex\pgf\utilities\pg
fkeys.sty"
Package srcltx Info: Expanded filename `pgfkeys.code.tex' to `pgfkeys.code.tex'
 on input line 10.

:<+ pgfkeys.code.tex

("C:\Users\EMANUEL\AppData\Local\Programs\MiKTeX 2.9\tex\generic\pgf\utilities\
pgfkeys.code.tex")
:<-
)
("C:\Users\EMANUEL\AppData\Local\Programs\MiKTeX 2.9\tex\latex\pgf\math\pgfmath
.sty"
Package srcltx Info: Expanded filename `pgfmath.code.tex' to `pgfmath.code.tex'
 on input line 11.

:<+ pgfmath.code.tex

("C:\Users\EMANUEL\AppData\Local\Programs\MiKTeX 2.9\tex\generic\pgf\math\pgfma
th.code.tex")
:<-
)
Package srcltx Info: Expanded filename `pgffor.code.tex' to `pgffor.code.tex' o
n input line 14.

:<+ pgffor.code.tex

("C:\Users\EMANUEL\AppData\Local\Programs\MiKTeX 2.9\tex\generic\pgf\utilities\
pgffor.code.tex"
Package: pgffor 2013/12/13 v3.0.1a (rcs-revision 1.25)

("C:\Users\EMANUEL\AppData\Local\Programs\MiKTeX 2.9\tex\generic\pgf\math\pgfma
th.code.tex")
\pgffor@iter=\dimen284
\pgffor@skip=\dimen285
\pgffor@stack=\toks52
\pgffor@toks=\toks53
)
:<-
)
Package srcltx Info: Expanded filename `tikz.code.tex' to `tikz.code.tex' on in
put line 13.

:<+ tikz.code.tex

("C:\Users\EMANUEL\AppData\Local\Programs\MiKTeX 2.9\tex\generic\pgf\frontendla
yer\tikz\tikz.code.tex"
Package: tikz 2015/08/07 v3.0.1a (rcs-revision 1.151)

("C:\Users\EMANUEL\AppData\Local\Programs\MiKTeX 2.9\tex\generic\pgf\libraries\
pgflibraryplothandlers.code.tex"
File: pgflibraryplothandlers.code.tex 2013/08/31 v3.0.1a (rcs-revision 1.20)
\pgf@plot@mark@count=\count316
\pgfplotmarksize=\dimen286
)
\tikz@lastx=\dimen287
\tikz@lasty=\dimen288
\tikz@lastxsaved=\dimen289
\tikz@lastysaved=\dimen290
\tikzleveldistance=\dimen291
\tikzsiblingdistance=\dimen292
\tikz@figbox=\box83
\tikz@figbox@bg=\box84
\tikz@tempbox=\box85
\tikz@tempbox@bg=\box86
\tikztreelevel=\count317
\tikznumberofchildren=\count318
\tikznumberofcurrentchild=\count319
\tikz@fig@count=\count320

("C:\Users\EMANUEL\AppData\Local\Programs\MiKTeX 2.9\tex\generic\pgf\modules\pg
fmodulematrix.code.tex"
File: pgfmodulematrix.code.tex 2013/09/17  (rcs-revision 1.8)
\pgfmatrixcurrentrow=\count321
\pgfmatrixcurrentcolumn=\count322
\pgf@matrix@numberofcolumns=\count323
)
\tikz@expandcount=\count324

("C:\Users\EMANUEL\AppData\Local\Programs\MiKTeX 2.9\tex\generic\pgf\frontendla
yer\tikz\libraries\tikzlibrarytopaths.code.tex"
File: tikzlibrarytopaths.code.tex 2008/06/17 v3.0.1a (rcs-revision 1.2)
))
:<-
) ("C:\Users\EMANUEL\AppData\Local\Programs\MiKTeX 2.9\tex\latex\tools\bm.sty"
Package: bm 2017/01/16 v1.2c Bold Symbol Support (DPC/FMi)
\symboldoperators=\mathgroup6
\symboldletters=\mathgroup7
\symboldsymbols=\mathgroup8
LaTeX Font Info:    Redeclaring math alphabet \mathbf on input line 141.
LaTeX Info: Redefining \bm on input line 207.
)
("C:\Users\EMANUEL\AppData\Local\Programs\MiKTeX 2.9\tex\latex\hyperref\hyperre
f.sty"
Package: hyperref 2018/02/06 v6.86b Hypertext links for LaTeX

("C:\Users\EMANUEL\AppData\Local\Programs\MiKTeX 2.9\tex\generic\oberdiek\hobsu
b-hyperref.sty"
Package: hobsub-hyperref 2016/05/16 v1.14 Bundle oberdiek, subset hyperref (HO)


("C:\Users\EMANUEL\AppData\Local\Programs\MiKTeX 2.9\tex\generic\oberdiek\hobsu
b-generic.sty"
Package: hobsub-generic 2016/05/16 v1.14 Bundle oberdiek, subset generic (HO)
Package: hobsub 2016/05/16 v1.14 Construct package bundles (HO)
Package: infwarerr 2016/05/16 v1.4 Providing info/warning/error messages (HO)
Package: ltxcmds 2016/05/16 v1.23 LaTeX kernel commands for general use (HO)
Package: ifluatex 2016/05/16 v1.4 Provides the ifluatex switch (HO)
Package ifluatex Info: LuaTeX not detected.
Package hobsub Info: Skipping package `ifvtex' (already loaded).
Package: intcalc 2016/05/16 v1.2 Expandable calculations with integers (HO)
Package hobsub Info: Skipping package `ifpdf' (already loaded).
Package: etexcmds 2016/05/16 v1.6 Avoid name clashes with e-TeX commands (HO)
Package etexcmds Info: Could not find \expanded.
(etexcmds)             That can mean that you are not using pdfTeX 1.50 or
(etexcmds)             that some package has redefined \expanded.
(etexcmds)             In the latter case, load this package earlier.
Package: kvsetkeys 2016/05/16 v1.17 Key value parser (HO)
Package: kvdefinekeys 2016/05/16 v1.4 Define keys (HO)
Package: pdftexcmds 2018/01/30 v0.27 Utility functions of pdfTeX for LuaTeX (HO
)
Package pdftexcmds Info: LuaTeX not detected.
Package pdftexcmds Info: \pdf@primitive is available.
Package pdftexcmds Info: \pdf@ifprimitive is available.
Package pdftexcmds Info: \pdfdraftmode found.
Package: pdfescape 2016/05/16 v1.14 Implements pdfTeX's escape features (HO)
Package: bigintcalc 2016/05/16 v1.4 Expandable calculations on big integers (HO
)
Package: bitset 2016/05/16 v1.2 Handle bit-vector datatype (HO)
Package: uniquecounter 2016/05/16 v1.3 Provide unlimited unique counter (HO)
)
Package hobsub Info: Skipping package `hobsub' (already loaded).
Package: letltxmacro 2016/05/16 v1.5 Let assignment for LaTeX macros (HO)
Package: hopatch 2016/05/16 v1.3 Wrapper for package hooks (HO)
Package: xcolor-patch 2016/05/16 xcolor patch
Package: atveryend 2016/05/16 v1.9 Hooks at the very end of document (HO)
Package atveryend Info: \enddocument detected (standard20110627).
Package: atbegshi 2016/06/09 v1.18 At begin shipout hook (HO)
Package: refcount 2016/05/16 v3.5 Data extraction from label references (HO)
Package: hycolor 2016/05/16 v1.8 Color options for hyperref/bookmark (HO)
)
("C:\Users\EMANUEL\AppData\Local\Programs\MiKTeX 2.9\tex\latex\oberdiek\auxhook
.sty"
Package: auxhook 2016/05/16 v1.4 Hooks for auxiliary files (HO)
)
("C:\Users\EMANUEL\AppData\Local\Programs\MiKTeX 2.9\tex\latex\oberdiek\kvoptio
ns.sty"
Package: kvoptions 2016/05/16 v3.12 Key value format for package options (HO)
)
\@linkdim=\dimen293
\Hy@linkcounter=\count325
\Hy@pagecounter=\count326
Package srcltx Info: Expanded filename `pd1enc.def' to `pd1enc.def.tex' on inpu
t line 852.

:<+ pd1enc.def.tex

("C:\Users\EMANUEL\AppData\Local\Programs\MiKTeX 2.9\tex\latex\hyperref\pd1enc.
def"
File: pd1enc.def 2018/02/06 v6.86b Hyperref: PDFDocEncoding definition (HO)
Now handling font encoding PD1 ...
... no UTF-8 mapping file for font encoding PD1
)
:<-
\Hy@SavedSpaceFactor=\count327

("C:\Users\EMANUEL\AppData\Local\Programs\MiKTeX 2.9\tex\latex\00miktex\hyperre
f.cfg"
File: hyperref.cfg 2002/06/06 v1.2 hyperref configuration of TeXLive
)
Package hyperref Info: Hyper figures OFF on input line 4509.
Package hyperref Info: Link nesting OFF on input line 4514.
Package hyperref Info: Hyper index ON on input line 4517.
Package hyperref Info: Plain pages OFF on input line 4524.
Package hyperref Info: Backreferencing OFF on input line 4529.
Package hyperref Info: Implicit mode ON; LaTeX internals redefined.
Package hyperref Info: Bookmarks ON on input line 4762.
\c@Hy@tempcnt=\count328
LaTeX Info: Redefining \url on input line 5115.
\XeTeXLinkMargin=\dimen294
\Fld@menulength=\count329
\Field@Width=\dimen295
\Fld@charsize=\dimen296
Package hyperref Info: Hyper figures OFF on input line 6369.
Package hyperref Info: Link nesting OFF on input line 6374.
Package hyperref Info: Hyper index ON on input line 6377.
Package hyperref Info: backreferencing OFF on input line 6384.
Package hyperref Info: Link coloring OFF on input line 6389.
Package hyperref Info: Link coloring with OCG OFF on input line 6394.
Package hyperref Info: PDF/A mode OFF on input line 6399.
LaTeX Info: Redefining \ref on input line 6439.
LaTeX Info: Redefining \pageref on input line 6443.
\Hy@abspage=\count330
\c@Item=\count331
\c@Hfootnote=\count332
)
Package hyperref Info: Driver (autodetected): hpdftex.
Package srcltx Info: Expanded filename `hpdftex.def' to `hpdftex.def.tex' on in
put line 72.

:<+ hpdftex.def.tex

("C:\Users\EMANUEL\AppData\Local\Programs\MiKTeX 2.9\tex\latex\hyperref\hpdftex
.def"
File: hpdftex.def 2018/02/06 v6.86b Hyperref driver for pdfTeX
\Fld@listcount=\count333
\c@bookmark@seq@number=\count334

("C:\Users\EMANUEL\AppData\Local\Programs\MiKTeX 2.9\tex\latex\oberdiek\rerunfi
lecheck.sty"
Package: rerunfilecheck 2016/05/16 v1.8 Rerun checks for auxiliary files (HO)
Package uniquecounter Info: New unique counter `rerunfilecheck' on input line 2
82.
)
\Hy@SectionHShift=\skip84
)
:<-

("C:\Users\EMANUEL\AppData\Local\Programs\MiKTeX 2.9\tex\latex\fancybox\fancybo
x.sty"
Package: fancybox 2010/05/15 1.4

Style option: `fancybox' v1.4 <2010/05/15> (tvz)
\@fancybox=\box87
\shadowsize=\dimen297
\@Sbox=\box88
\do@VerbBox=\toks54
\the@fancyput=\toks55
\this@fancyput=\toks56
\EndVerbatimTokens=\toks57
\Verbatim@Outfile=\write4
\Verbatim@Infile=\read3
)
("C:\Users\EMANUEL\AppData\Local\Programs\MiKTeX 2.9\tex\latex\multirow\multiro
w.sty"
Package: multirow 2018/08/03 v2.3 Span multiple rows of a table
\multirow@colwidth=\skip85
\multirow@cntb=\count335
\multirow@dima=\skip86
\bigstrutjot=\dimen298
)
("C:\Users\EMANUEL\AppData\Local\Programs\MiKTeX 2.9\tex\latex\glossaries\base\
glossaries.sty"
Package: glossaries 2018/07/23 v4.41 (NLCT)

("C:\Users\EMANUEL\AppData\Local\Programs\MiKTeX 2.9\tex\latex\xkeyval\xkeyval.
sty"
Package: xkeyval 2014/12/03 v2.7a package option processing (HA)

("C:\Users\EMANUEL\AppData\Local\Programs\MiKTeX 2.9\tex\generic\xkeyval\xkeyva
l.tex"
("C:\Users\EMANUEL\AppData\Local\Programs\MiKTeX 2.9\tex\generic\xkeyval\xkvuti
ls.tex"
\XKV@toks=\toks58
\XKV@tempa@toks=\toks59
)
\XKV@depth=\count336
File: xkeyval.tex 2014/12/03 v2.7a key=value parser (HA)
))
("C:\Users\EMANUEL\AppData\Local\Programs\MiKTeX 2.9\tex\latex\mfirstuc\mfirstu
c.sty"
Package: mfirstuc 2017/11/14 v2.06 (NLCT)

("C:\Users\EMANUEL\AppData\Local\Programs\MiKTeX 2.9\tex\latex\etoolbox\etoolbo
x.sty"
Package: etoolbox 2018/08/19 v2.5f e-TeX tools for LaTeX (JAW)
\etb@tempcnta=\count337
)
\@glsmfirst=\toks60
\@glsmrest=\toks61
)
("C:\Users\EMANUEL\AppData\Local\Programs\MiKTeX 2.9\tex\latex\textcase\textcas
e.sty"
Package: textcase 2004/10/07 v0.07 Text only upper/lower case changing (DPC)
)
("C:\Users\EMANUEL\AppData\Local\Programs\MiKTeX 2.9\tex\latex\xfor\xfor.sty"
Package: xfor 2009/02/05 v1.05 (NLCT)
)
("C:\Users\EMANUEL\AppData\Local\Programs\MiKTeX 2.9\tex\latex\datatool\datatoo
l-base.sty"
Package: datatool-base 2018/04/16 v2.30 (NLCT)

("C:\Users\EMANUEL\AppData\Local\Programs\MiKTeX 2.9\tex\latex\substr\substr.st
y"
Package: substr 2009/10/20 v1.2 Handle substrings
\c@su@anzahl=\count338
)
("C:\Users\EMANUEL\AppData\Local\Programs\MiKTeX 2.9\tex\latex\datatool\datatoo
l-fp.sty"
Package: datatool-fp 2018/04/16 v2.30 (NLCT)

("C:\Users\EMANUEL\AppData\Local\Programs\MiKTeX 2.9\tex\latex\fp\fp.sty"
Package: fp 1995/04/02

`Fixed Point Package', Version 0.8, April 2, 1995 (C) Michael Mehlich
("C:\Users\EMANUEL\AppData\Local\Programs\MiKTeX 2.9\tex\latex\fp\defpattern.st
y"
Package: defpattern 1994/10/12
\actioncount=\count339
)
("C:\Users\EMANUEL\AppData\Local\Programs\MiKTeX 2.9\tex\latex\fp\fp-basic.sty"
Package: fp-basic 1996/05/13
\FP@xs=\count340
\FP@xia=\count341
\FP@xib=\count342
\FP@xfa=\count343
\FP@xfb=\count344
\FP@rega=\count345
\FP@regb=\count346
\FP@regs=\count347
\FP@times=\count348
)
("C:\Users\EMANUEL\AppData\Local\Programs\MiKTeX 2.9\tex\latex\fp\fp-addons.sty
"
Package: fp-addons 1995/03/15
) ("C:\Users\EMANUEL\AppData\Local\Programs\MiKTeX 2.9\tex\latex\fp\fp-snap.sty
"
Package: fp-snap 1995/04/05
) ("C:\Users\EMANUEL\AppData\Local\Programs\MiKTeX 2.9\tex\latex\fp\fp-exp.sty"
Package: fp-exp 1995/04/03
)
("C:\Users\EMANUEL\AppData\Local\Programs\MiKTeX 2.9\tex\latex\fp\fp-trigo.sty"
Package: fp-trigo 1995/04/14
) ("C:\Users\EMANUEL\AppData\Local\Programs\MiKTeX 2.9\tex\latex\fp\fp-pas.sty"
Package: fp-pas 1994/08/29
)
("C:\Users\EMANUEL\AppData\Local\Programs\MiKTeX 2.9\tex\latex\fp\fp-random.sty
"
Package: fp-random 1995/02/23
\FPseed=\count349
) ("C:\Users\EMANUEL\AppData\Local\Programs\MiKTeX 2.9\tex\latex\fp\fp-eqn.sty"
Package: fp-eqn 1995/04/03
) ("C:\Users\EMANUEL\AppData\Local\Programs\MiKTeX 2.9\tex\latex\fp\fp-upn.sty"
Package: fp-upn 1996/10/21
) ("C:\Users\EMANUEL\AppData\Local\Programs\MiKTeX 2.9\tex\latex\fp\fp-eval.sty
"
Package: fp-eval 1995/04/03
)))
\@dtl@toks=\toks62
\@dtl@tmpcount=\count350
\dtl@tmplength=\skip87
\dtl@sortresult=\count351
\@dtl@numgrpsepcount=\count352
\@dtl@datatype=\count353
\dtl@codeA=\count354
\dtl@codeB=\count355
\@dtl@foreach@level=\count356
)
("C:\Users\EMANUEL\AppData\Local\Programs\MiKTeX 2.9\tex\latex\glossaries\base\
glossaries-compatible-307.sty"
Package: glossaries-compatible-307 2018/07/23 v4.41 (NLCT)
)
("C:\Users\EMANUEL\AppData\Local\Programs\MiKTeX 2.9\tex\latex\tracklang\trackl
ang.sty"
Package: tracklang 2018/05/13 v1.3.6 (NLCT) Track Languages
Package srcltx Info: Expanded filename `tracklang' to `tracklang.tex' on input 
line 58.

:<+ tracklang.tex

("C:\Users\EMANUEL\AppData\Local\Programs\MiKTeX 2.9\tex\generic\tracklang\trac
klang.tex")
:<-
)
("C:\Users\EMANUEL\AppData\Local\Programs\MiKTeX 2.9\tex\latex\translator\trans
lator.sty"
Package: translator 2018/01/04 v1.12 Easy translation of strings in LaTeX
)
Package srcltx Info: Expanded filename `glossaries-english.ldf' to `glossaries-
english.ldf.tex' on input line 1083.

:<+ glossaries-english.ldf.tex

("C:\Users\EMANUEL\AppData\Local\Programs\MiKTeX 2.9\tex\latex\glossaries-engli
sh\glossaries-english.ldf"
File: glossaries-english.ldf 2014/11/23 v1.0
)
:<-
Package srcltx Info: Expanded filename `glossaries-portuges.ldf' to `glossaries
-portuges.ldf.tex' on input line 1083.
:<+ glossaries-portuges.ldf.tex

("C:\Users\EMANUEL\AppData\Local\Programs\MiKTeX 2.9\tex\latex\glossaries-portu
ges\glossaries-portuges.ldf"
File: glossaries-portuges.ldf 2014/11/23 v1.0
Package srcltx Info: Expanded filename `glossaries-portuges-utf8.ldf' to `gloss
aries-portuges-utf8.ldf.tex' on input line 76.

:<+ glossaries-portuges-utf8.ldf.tex

("C:\Users\EMANUEL\AppData\Local\Programs\MiKTeX 2.9\tex\latex\glossaries-portu
ges\glossaries-portuges-utf8.ldf")
:<-
)
:<-
\gls@level=\count357
\@gls@tmpb=\toks63
\gls@tmplen=\skip88
\glskeylisttok=\toks64
\glslabeltok=\toks65
\glsshorttok=\toks66
\glslongtok=\toks67

("C:\Users\EMANUEL\AppData\Local\Programs\MiKTeX 2.9\tex\latex\glossaries\style
s\glossary-hypernav.sty"
Package: glossary-hypernav 2018/07/23 v4.41 (NLCT)
)
("C:\Users\EMANUEL\AppData\Local\Programs\MiKTeX 2.9\tex\latex\glossaries\style
s\glossary-list.sty"
Package: glossary-list 2018/07/23 v4.41 (NLCT)
\glslistdottedwidth=\skip89
)
("C:\Users\EMANUEL\AppData\Local\Programs\MiKTeX 2.9\tex\latex\glossaries\style
s\glossary-long.sty"
Package: glossary-long 2018/07/23 v4.41 (NLCT)

("C:\Users\EMANUEL\AppData\Local\Programs\MiKTeX 2.9\tex\latex\tools\longtable.
sty"
Package: longtable 2014/10/28 v4.11 Multi-page Table package (DPC)
\LTleft=\skip90
\LTright=\skip91
\LTpre=\skip92
\LTpost=\skip93
\LTchunksize=\count358
\LTcapwidth=\dimen299
\LT@head=\box89
\LT@firsthead=\box90
\LT@foot=\box91
\LT@lastfoot=\box92
\LT@cols=\count359
\LT@rows=\count360
\c@LT@tables=\count361
\c@LT@chunks=\count362
\LT@p@ftn=\toks68
)
\glsdescwidth=\skip94
\glspagelistwidth=\skip95
)
("C:\Users\EMANUEL\AppData\Local\Programs\MiKTeX 2.9\tex\latex\glossaries\style
s\glossary-super.sty"
Package: glossary-super 2018/07/23 v4.41 (NLCT)

("C:\Users\EMANUEL\AppData\Local\Programs\MiKTeX 2.9\tex\latex\supertabular\sup
ertabular.sty"
Package: supertabular 2004/02/20 v4.1e the supertabular environment
\c@tracingst=\count363
\ST@wd=\dimen300
\ST@rightskip=\skip96
\ST@leftskip=\skip97
\ST@parfillskip=\skip98
\ST@pageleft=\dimen301
\ST@headht=\dimen302
\ST@tailht=\dimen303
\ST@pagesofar=\dimen304
\ST@pboxht=\dimen305
\ST@lineht=\dimen306
\ST@stretchht=\dimen307
\ST@prevht=\dimen308
\ST@toadd=\dimen309
\ST@dimen=\dimen310
\ST@pbox=\box93
))
("C:\Users\EMANUEL\AppData\Local\Programs\MiKTeX 2.9\tex\latex\glossaries\style
s\glossary-tree.sty"
Package: glossary-tree 2018/07/23 v4.41 (NLCT)
\glstreeindent=\skip99
))
("C:\Users\EMANUEL\AppData\Local\Programs\MiKTeX 2.9\tex\latex\subfig\subfig.st
y"
Package: subfig 2005/06/28 ver: 1.3 subfig package

("C:\Users\EMANUEL\AppData\Local\Programs\MiKTeX 2.9\tex\latex\caption\caption.
sty"
Package: caption 2018/05/01 v3.3-147 Customizing captions (AR)

("C:\Users\EMANUEL\AppData\Local\Programs\MiKTeX 2.9\tex\latex\caption\caption3
.sty"
Package: caption3 2018/05/27 v1.8a caption3 kernel (AR)
Package caption3 Info: TeX engine: e-TeX on input line 64.
\captionmargin=\dimen311
\captionmargin@=\dimen312
\captionwidth=\dimen313
\caption@tempdima=\dimen314
\caption@indent=\dimen315
\caption@parindent=\dimen316
\caption@hangindent=\dimen317
)
\c@ContinuedFloat=\count364
Package caption Info: float package is loaded.
Package caption Info: hyperref package is loaded.
Package caption Info: listings package is loaded.
Package caption Info: longtable package is loaded.

("C:\Users\EMANUEL\AppData\Local\Programs\MiKTeX 2.9\tex\latex\caption\ltcaptio
n.sty"
Package: ltcaption 2013/06/09 v1.4-94 longtable captions (AR)
)
Package caption Info: rotating package is loaded.
Package caption Info: supertabular package is loaded.
)
\c@KVtest=\count365
\sf@farskip=\skip100
\sf@captopadj=\dimen318
\sf@capskip=\skip101
\sf@nearskip=\skip102
\c@subfigure=\count366
\c@subfigure@save=\count367
\c@lofdepth=\count368
\c@subtable=\count369
\c@subtable@save=\count370
\c@lotdepth=\count371
\sf@top=\skip103
\sf@bottom=\skip104
)
("C:\Users\EMANUEL\AppData\Local\Programs\MiKTeX 2.9\tex\latex\l3packages\xfrac
\xfrac.sty"
("C:\Users\EMANUEL\AppData\Local\Programs\MiKTeX 2.9\tex\latex\l3packages\l3key
s2e\l3keys2e.sty"
Package: l3keys2e 2018-08-23 LaTeX2e option processing using LaTeX3 keys
)
("C:\Users\EMANUEL\AppData\Local\Programs\MiKTeX 2.9\tex\latex\base\textcomp.st
y"
Package: textcomp 2017/04/05 v2.0i Standard LaTeX package
Package textcomp Info: Sub-encoding information:
(textcomp)               5 = only ISO-Adobe without \textcurrency
(textcomp)               4 = 5 + \texteuro
(textcomp)               3 = 4 + \textohm
(textcomp)               2 = 3 + \textestimated + \textcurrency
(textcomp)               1 = TS1 - \textcircled - \t
(textcomp)               0 = TS1 (full)
(textcomp)             Font families with sub-encoding setting implement
(textcomp)             only a restricted character set as indicated.
(textcomp)             Family '?' is the default used for unknown fonts.
(textcomp)             See the documentation for details.
Package textcomp Info: Setting ? sub-encoding to TS1/1 on input line 79.
Package srcltx Info: Expanded filename `ts1enc.def' to `ts1enc.def.tex' on inpu
t line 330.

:<+ ts1enc.def.tex
("C:\Users\EMANUEL\AppData\Local\Programs\MiKTeX 2.9\tex\latex\base\ts1enc.def"
File: ts1enc.def 2001/06/05 v3.0e (jk/car/fm) Standard LaTeX file
Now handling font encoding TS1 ...
... processing UTF-8 mapping file for font encoding TS1
("C:\Users\EMANUEL\AppData\Local\Programs\MiKTeX 2.9\tex\latex\base\ts1enc.dfu"
File: ts1enc.dfu 2018/04/05 v1.2c UTF-8 support for inputenc
   defining Unicode char U+00A2 (decimal 162)
   defining Unicode char U+00A3 (decimal 163)
   defining Unicode char U+00A4 (decimal 164)
   defining Unicode char U+00A5 (decimal 165)
   defining Unicode char U+00A6 (decimal 166)
   defining Unicode char U+00A7 (decimal 167)
   defining Unicode char U+00A8 (decimal 168)
   defining Unicode char U+00A9 (decimal 169)
   defining Unicode char U+00AA (decimal 170)
   defining Unicode char U+00AC (decimal 172)
   defining Unicode char U+00AE (decimal 174)
   defining Unicode char U+00AF (decimal 175)
   defining Unicode char U+00B0 (decimal 176)
   defining Unicode char U+00B1 (decimal 177)
   defining Unicode char U+00B2 (decimal 178)
   defining Unicode char U+00B3 (decimal 179)
   defining Unicode char U+00B4 (decimal 180)
   defining Unicode char U+00B5 (decimal 181)
   defining Unicode char U+00B6 (decimal 182)
   defining Unicode char U+00B7 (decimal 183)
   defining Unicode char U+00B9 (decimal 185)
   defining Unicode char U+00BA (decimal 186)
   defining Unicode char U+00BC (decimal 188)
   defining Unicode char U+00BD (decimal 189)
   defining Unicode char U+00BE (decimal 190)
   defining Unicode char U+00D7 (decimal 215)
   defining Unicode char U+00F7 (decimal 247)
   defining Unicode char U+0192 (decimal 402)
   defining Unicode char U+02C7 (decimal 711)
   defining Unicode char U+02D8 (decimal 728)
   defining Unicode char U+02DD (decimal 733)
   defining Unicode char U+0E3F (decimal 3647)
   defining Unicode char U+2016 (decimal 8214)
   defining Unicode char U+2020 (decimal 8224)
   defining Unicode char U+2021 (decimal 8225)
   defining Unicode char U+2022 (decimal 8226)
   defining Unicode char U+2030 (decimal 8240)
   defining Unicode char U+2031 (decimal 8241)
   defining Unicode char U+203B (decimal 8251)
   defining Unicode char U+203D (decimal 8253)
   defining Unicode char U+2044 (decimal 8260)
   defining Unicode char U+204E (decimal 8270)
   defining Unicode char U+2052 (decimal 8274)
   defining Unicode char U+20A1 (decimal 8353)
   defining Unicode char U+20A4 (decimal 8356)
   defining Unicode char U+20A6 (decimal 8358)
   defining Unicode char U+20A9 (decimal 8361)
   defining Unicode char U+20AB (decimal 8363)
   defining Unicode char U+20AC (decimal 8364)
   defining Unicode char U+20B1 (decimal 8369)
   defining Unicode char U+2103 (decimal 8451)
   defining Unicode char U+2116 (decimal 8470)
   defining Unicode char U+2117 (decimal 8471)
   defining Unicode char U+211E (decimal 8478)
   defining Unicode char U+2120 (decimal 8480)
   defining Unicode char U+2122 (decimal 8482)
   defining Unicode char U+2126 (decimal 8486)
   defining Unicode char U+2127 (decimal 8487)
   defining Unicode char U+212E (decimal 8494)
   defining Unicode char U+2190 (decimal 8592)
   defining Unicode char U+2191 (decimal 8593)
   defining Unicode char U+2192 (decimal 8594)
   defining Unicode char U+2193 (decimal 8595)
   defining Unicode char U+2329 (decimal 9001)
   defining Unicode char U+232A (decimal 9002)
   defining Unicode char U+2422 (decimal 9250)
   defining Unicode char U+25E6 (decimal 9702)
   defining Unicode char U+25EF (decimal 9711)
   defining Unicode char U+266A (decimal 9834)
   defining Unicode char U+FEFF (decimal 65279)
))
:<-
LaTeX Info: Redefining \oldstylenums on input line 334.
Package textcomp Info: Setting cmr sub-encoding to TS1/0 on input line 349.
Package textcomp Info: Setting cmss sub-encoding to TS1/0 on input line 350.
Package textcomp Info: Setting cmtt sub-encoding to TS1/0 on input line 351.
Package textcomp Info: Setting cmvtt sub-encoding to TS1/0 on input line 352.
Package textcomp Info: Setting cmbr sub-encoding to TS1/0 on input line 353.
Package textcomp Info: Setting cmtl sub-encoding to TS1/0 on input line 354.
Package textcomp Info: Setting ccr sub-encoding to TS1/0 on input line 355.
Package textcomp Info: Setting ptm sub-encoding to TS1/4 on input line 356.
Package textcomp Info: Setting pcr sub-encoding to TS1/4 on input line 357.
Package textcomp Info: Setting phv sub-encoding to TS1/4 on input line 358.
Package textcomp Info: Setting ppl sub-encoding to TS1/3 on input line 359.
Package textcomp Info: Setting pag sub-encoding to TS1/4 on input line 360.
Package textcomp Info: Setting pbk sub-encoding to TS1/4 on input line 361.
Package textcomp Info: Setting pnc sub-encoding to TS1/4 on input line 362.
Package textcomp Info: Setting pzc sub-encoding to TS1/4 on input line 363.
Package textcomp Info: Setting bch sub-encoding to TS1/4 on input line 364.
Package textcomp Info: Setting put sub-encoding to TS1/5 on input line 365.
Package textcomp Info: Setting uag sub-encoding to TS1/5 on input line 366.
Package textcomp Info: Setting ugq sub-encoding to TS1/5 on input line 367.
Package textcomp Info: Setting ul8 sub-encoding to TS1/4 on input line 368.
Package textcomp Info: Setting ul9 sub-encoding to TS1/4 on input line 369.
Package textcomp Info: Setting augie sub-encoding to TS1/5 on input line 370.
Package textcomp Info: Setting dayrom sub-encoding to TS1/3 on input line 371.
Package textcomp Info: Setting dayroms sub-encoding to TS1/3 on input line 372.

Package textcomp Info: Setting pxr sub-encoding to TS1/0 on input line 373.
Package textcomp Info: Setting pxss sub-encoding to TS1/0 on input line 374.
Package textcomp Info: Setting pxtt sub-encoding to TS1/0 on input line 375.
Package textcomp Info: Setting txr sub-encoding to TS1/0 on input line 376.
Package textcomp Info: Setting txss sub-encoding to TS1/0 on input line 377.
Package textcomp Info: Setting txtt sub-encoding to TS1/0 on input line 378.
Package textcomp Info: Setting lmr sub-encoding to TS1/0 on input line 379.
Package textcomp Info: Setting lmdh sub-encoding to TS1/0 on input line 380.
Package textcomp Info: Setting lmss sub-encoding to TS1/0 on input line 381.
Package textcomp Info: Setting lmssq sub-encoding to TS1/0 on input line 382.
Package textcomp Info: Setting lmvtt sub-encoding to TS1/0 on input line 383.
Package textcomp Info: Setting lmtt sub-encoding to TS1/0 on input line 384.
Package textcomp Info: Setting qhv sub-encoding to TS1/0 on input line 385.
Package textcomp Info: Setting qag sub-encoding to TS1/0 on input line 386.
Package textcomp Info: Setting qbk sub-encoding to TS1/0 on input line 387.
Package textcomp Info: Setting qcr sub-encoding to TS1/0 on input line 388.
Package textcomp Info: Setting qcs sub-encoding to TS1/0 on input line 389.
Package textcomp Info: Setting qpl sub-encoding to TS1/0 on input line 390.
Package textcomp Info: Setting qtm sub-encoding to TS1/0 on input line 391.
Package textcomp Info: Setting qzc sub-encoding to TS1/0 on input line 392.
Package textcomp Info: Setting qhvc sub-encoding to TS1/0 on input line 393.
Package textcomp Info: Setting futs sub-encoding to TS1/4 on input line 394.
Package textcomp Info: Setting futx sub-encoding to TS1/4 on input line 395.
Package textcomp Info: Setting futj sub-encoding to TS1/4 on input line 396.
Package textcomp Info: Setting hlh sub-encoding to TS1/3 on input line 397.
Package textcomp Info: Setting hls sub-encoding to TS1/3 on input line 398.
Package textcomp Info: Setting hlst sub-encoding to TS1/3 on input line 399.
Package textcomp Info: Setting hlct sub-encoding to TS1/5 on input line 400.
Package textcomp Info: Setting hlx sub-encoding to TS1/5 on input line 401.
Package textcomp Info: Setting hlce sub-encoding to TS1/5 on input line 402.
Package textcomp Info: Setting hlcn sub-encoding to TS1/5 on input line 403.
Package textcomp Info: Setting hlcw sub-encoding to TS1/5 on input line 404.
Package textcomp Info: Setting hlcf sub-encoding to TS1/5 on input line 405.
Package textcomp Info: Setting pplx sub-encoding to TS1/3 on input line 406.
Package textcomp Info: Setting pplj sub-encoding to TS1/3 on input line 407.
Package textcomp Info: Setting ptmx sub-encoding to TS1/4 on input line 408.
Package textcomp Info: Setting ptmj sub-encoding to TS1/4 on input line 409.
)
("C:\Users\EMANUEL\AppData\Local\Programs\MiKTeX 2.9\tex\latex\l3packages\xtemp
late\xtemplate.sty"
Package: xtemplate 2018-08-23 L3 Experimental prototype document functions
\l__xtemplate_tmp_dim=\dimen319
\l__xtemplate_tmp_int=\count372
\l__xtemplate_tmp_muskip=\muskip18
\l__xtemplate_tmp_skip=\skip105
)
Package: xfrac 2018-08-23 L3 Experimental split-level fractions
\l__xfrac_slash_box=\box94
\l__xfrac_tmp_box=\box95
\l__xfrac_denominator_bot_sep_dim=\dimen320
\l__xfrac_numerator_bot_sep_dim=\dimen321
\l__xfrac_numerator_top_sep_dim=\dimen322
\l__xfrac_slash_left_sep_dim=\dimen323
\l__xfrac_slash_right_sep_dim=\dimen324
\l__xfrac_slash_left_muskip=\muskip19
\l__xfrac_slash_right_muskip=\muskip20
.................................................
. xtemplate info: "declare-object-type"
. 
. Declaring object type 'xfrac' taking 3 argument(s) on line 80.
.................................................
.................................................
. LaTeX info: "xparse/define-command"
. 
. Defining command \sfrac with sig. 'omom' on line 420.
.................................................
)
\c@teorema=\count373

Tipo de Documento: Relat\IeC {\'o}rio de Est\IeC {\'a}gio.
\c@numeroDeAssinaturas=\count374
.................................................
. LaTeX info: "xparse/define-command"
. 
. Defining command \orientador with sig. ' s mmm ' on line 419.
.................................................
.................................................
. LaTeX info: "xparse/define-command"
. 
. Defining command \orientadorDois with sig. ' s mmm ' on line 447.
.................................................
.................................................
. LaTeX info: "xparse/define-command"
. 
. Defining command \orientadorTres with sig. ' s mmm ' on line 470.
.................................................
.................................................
. LaTeX info: "xparse/define-command"
. 
. Defining command \examinador with sig. ' s mmm ' on line 488.
.................................................
.................................................
. LaTeX info: "xparse/define-command"
. 
. Defining command \examinadorDois with sig. ' s mmm ' on line 510.
.................................................
.................................................
. LaTeX info: "xparse/define-command"
. 
. Defining command \examinadorTres with sig. ' s mmm ' on line 532.
.................................................
.................................................
. LaTeX info: "xparse/define-command"
. 
. Defining command \examinadorQuatro with sig. ' s mmm ' on line 554.
.................................................
)
("C:\Users\EMANUEL\AppData\Local\Programs\MiKTeX 2.9\tex\latex\quoting\quoting.
sty"
Package: quoting 2014/01/28 v0.1c Consolidated environment for displayed text
\quo@toppartop=\skip106
)
No file eso.aux.
\openout1 = `eso.aux'.

LaTeX Font Info:    Checking defaults for OML/cmm/m/it on input line 30.
LaTeX Font Info:    ... okay on input line 30.
LaTeX Font Info:    Checking defaults for T1/cmr/m/n on input line 30.
LaTeX Font Info:    ... okay on input line 30.
LaTeX Font Info:    Checking defaults for OT1/cmr/m/n on input line 30.
LaTeX Font Info:    ... okay on input line 30.
LaTeX Font Info:    Checking defaults for OMS/cmsy/m/n on input line 30.
LaTeX Font Info:    ... okay on input line 30.
LaTeX Font Info:    Checking defaults for OMX/cmex/m/n on input line 30.
LaTeX Font Info:    ... okay on input line 30.
LaTeX Font Info:    Checking defaults for U/cmr/m/n on input line 30.
LaTeX Font Info:    ... okay on input line 30.
LaTeX Font Info:    Checking defaults for PD1/pdf/m/n on input line 30.
LaTeX Font Info:    ... okay on input line 30.
LaTeX Font Info:    Checking defaults for TS1/cmr/m/n on input line 30.
LaTeX Font Info:    Try loading font information for TS1+cmr on input line 30.
("C:\Users\EMANUEL\AppData\Local\Programs\MiKTeX 2.9\tex\latex\base\ts1cmr.fd"
File: ts1cmr.fd 2014/09/29 v2.5h Standard LaTeX font definitions
)
LaTeX Font Info:    ... okay on input line 30.

("C:\Users\EMANUEL\AppData\Local\Programs\MiKTeX 2.9\tex\context\base\supp-pdf.
mkii"
[Loading MPS to PDF converter (version 2006.09.02).]
\scratchcounter=\count375
\scratchdimen=\dimen325
\scratchbox=\box96
\nofMPsegments=\count376
\nofMParguments=\count377
\everyMPshowfont=\toks69
\MPscratchCnt=\count378
\MPscratchDim=\dimen326
\MPnumerator=\count379
\makeMPintoPDFobject=\count380
\everyMPtoPDFconversion=\toks70
)
("C:\Users\EMANUEL\AppData\Local\Programs\MiKTeX 2.9\tex\latex\oberdiek\epstopd
f-base.sty"
Package: epstopdf-base 2016/05/15 v2.6 Base part for package epstopdf

("C:\Users\EMANUEL\AppData\Local\Programs\MiKTeX 2.9\tex\latex\oberdiek\grfext.
sty"
Package: grfext 2016/05/16 v1.2 Manage graphics extensions (HO)
)
Package epstopdf-base Info: Redefining graphics rule for `.eps' on input line 4
38.
Package grfext Info: Graphics extension search list:
(grfext)             [.pdf,.png,.jpg,.mps,.jpeg,.jbig2,.jb2,.PDF,.PNG,.JPG,.JPE
G,.JBIG2,.JB2,.eps]
(grfext)             \AppendGraphicsExtensions on input line 456.
)
\c@lstlisting=\count381

*geometry* driver: auto-detecting
*geometry* detected driver: pdftex
*geometry* verbose mode - [ preamble ] result:
* driver: pdftex
* paper: a4paper
* layout: <same size as paper>
* layoutoffset:(h,v)=(0.0pt,0.0pt)
* modes: 
* h-part:(L,W,R)=(89.62709pt, 418.25368pt, 89.6271pt)
* v-part:(T,H,B)=(101.40665pt, 591.5302pt, 152.11pt)
* \paperwidth=597.50787pt
* \paperheight=845.04684pt
* \textwidth=455.24411pt
* \textheight=697.09262pt
* \oddsidemargin=13.08827pt
* \evensidemargin=-15.36449pt
* \topmargin=-15.36449pt
* \headheight=15.05pt
* \headsep=22.14322pt
* \topskip=12.0pt
* \footskip=30.0pt
* \marginparwidth=96.0pt
* \marginparsep=10.0pt
* \columnsep=10.0pt
* \skip\footins=10.8pt plus 4.0pt minus 2.0pt
* \hoffset=0.0pt
* \voffset=0.0pt
* \mag=1000
* \@twocolumnfalse
* \@twosidefalse
* \@mparswitchfalse
* \@reversemargintrue
* (1in=72.27pt=25.4mm, 1cm=28.453pt)

ABD: EveryShipout initializing macros
\AtBeginShipoutBox=\box97
Package hyperref Info: Link coloring OFF on input line 30.

("C:\Users\EMANUEL\AppData\Local\Programs\MiKTeX 2.9\tex\latex\hyperref\nameref
.sty"
Package: nameref 2016/05/21 v2.44 Cross-referencing by name of section

("C:\Users\EMANUEL\AppData\Local\Programs\MiKTeX 2.9\tex\generic\oberdiek\getti
tlestring.sty"
Package: gettitlestring 2016/05/16 v1.5 Cleanup title references (HO)
)
\c@section@level=\count382
)
LaTeX Info: Redefining \ref on input line 30.
LaTeX Info: Redefining \pageref on input line 30.
LaTeX Info: Redefining \nameref on input line 30.
\@outlinefile=\write5
\openout5 = `eso.out'.

Package caption Info: Begin \AtBeginDocument code.
Package caption Info: subfig package v1.3 is loaded.
Package caption Info: End \AtBeginDocument code.
Package hyperref Info: Option `linktocpage' set `false' on input line 30.
Package hyperref Info: Option `plainpages' set `false' on input line 30.
Package hyperref Info: Option `pageanchor' set `false' on input line 30.
\glswrite=\write6
\glo@main@file=\write7
\openout7 = `eso.glo2'.

Package glossaries Info: Writing glossary file eso.glo2 on input line 30.
Package babel Info: Redefining portuges shorthand "|
(babel)             in language hidelinks on input line 34.
 [1

\openout6 = `eso.ist'.

{C:/Users/EMANUEL/AppData/Local/MiKTeX/2.9/pdftex/config/pdftex.map}]
LaTeX Font Info:    Try loading font information for U+msa on input line 34.

("C:\Users\EMANUEL\AppData\Local\Programs\MiKTeX 2.9\tex\latex\amsfonts\umsa.fd
"
File: umsa.fd 2013/01/14 v3.01 AMS symbols A
)
LaTeX Font Info:    Try loading font information for U+msb on input line 34.

("C:\Users\EMANUEL\AppData\Local\Programs\MiKTeX 2.9\tex\latex\amsfonts\umsb.fd
"
File: umsb.fd 2013/01/14 v3.01 AMS symbols B
)
<Figuras/logocolegio.png, id=14, 618.05907pt x 753.5653pt>
File: Figuras/logocolegio.png Graphic file (type png)
<use Figuras/logocolegio.png>
Package pdftex.def Info: Figuras/logocolegio.png  used on input line 34.
(pdftex.def)             Requested size: 63.73389pt x 77.70662pt.

Overfull \hbox (7.83142pt too wide) in paragraph at lines 34--34
[]|[]| 
 []


Underfull \hbox (badness 10000) in paragraph at lines 34--34
[]|\T1/cmr/m/n/12 SUPERVISOR/E-MAIL: Thi-ago Mon-teiro de Me-lo/thi-
 []

Package babel Info: Redefining portuges shorthand "|
(babel)             in language hidelinks on input line 34.
[2 <./Figuras/logocolegio.png>]
Package babel Info: Redefining portuges shorthand "|
(babel)             in language hidelinks on input line 38.
 [0] [1

]
Package babel Info: Redefining portuges shorthand "|
(babel)             in language hidelinks on input line 61.
 [2

]
\tf@toc=\write8
\openout8 = `eso.toc'.

Package babel Info: Redefining portuges shorthand "|
(babel)             in language hidelinks on input line 63.
 [3

]
\tf@lof=\write9
\openout9 = `eso.lof'.

Package babel Info: Redefining portuges shorthand "|
(babel)             in language hidelinks on input line 64.
Package babel Info: Redefining portuges shorthand "|
(babel)             in language hidelinks on input line 66.
 [4

]
\tf@lot=\write10
\openout10 = `eso.lot'.

Package babel Info: Redefining portuges shorthand "|
(babel)             in language hidelinks on input line 67.
Package babel Info: Redefining portuges shorthand "|
(babel)             in language hidelinks on input line 69.
 [5

]
Cap\'{\i }tulo 1.
Package babel Info: Redefining portuges shorthand "|
(babel)             in language hidelinks on input line 70.
Package babel Info: Redefining portuges shorthand "|
(babel)             in language hidelinks on input line 82.
Package babel Info: Redefining portuges shorthand "|
(babel)             in language hidelinks on input line 86.
[1

]
Package babel Info: Redefining portuges shorthand "|
(babel)             in language hidelinks on input line 86.
Package babel Info: Redefining portuges shorthand "|
(babel)             in language hidelinks on input line 98.


Package natbib Warning: Citation `magalhaes:2007' on page 2 undefined on input 
line 104.

Package babel Info: Redefining portuges shorthand "|
(babel)             in language hidelinks on input line 105.
[2]

Package natbib Warning: Citation `magalhaes:2007' on page 3 undefined on input 
line 106.


Package natbib Warning: Citation `filho:2011' on page 3 undefined on input line
 108.

Package babel Info: Redefining portuges shorthand "|
(babel)             in language hidelinks on input line 112.
Package babel Info: Redefining portuges shorthand "|
(babel)             in language hidelinks on input line 114.
[3]

LaTeX Warning: Reference `UCrede' on page 4 undefined on input line 116.

Package babel Info: Redefining portuges shorthand "|
(babel)             in language hidelinks on input line 118.
[4]
<Figuras/rededamas.png, id=66, 311.66437pt x 377.91188pt>
File: Figuras/rededamas.png Graphic file (type png)
<use Figuras/rededamas.png>
Package pdftex.def Info: Figuras/rededamas.png  used on input line 123.
(pdftex.def)             Requested size: 405.16364pt x 491.28539pt.
Package babel Info: Redefining portuges shorthand "|
(babel)             in language hidelinks on input line 127.


LaTeX Warning: Reference `UCfachada' on page 5 undefined on input line 130.

Package babel Info: Redefining portuges shorthand "|
(babel)             in language hidelinks on input line 132.
[5 <./Figuras/rededamas.png>]
<Figuras/fachadacolegio.png, id=74, 322.20375pt x 243.15843pt>
File: Figuras/fachadacolegio.png Graphic file (type png)
<use Figuras/fachadacolegio.png>
Package pdftex.def Info: Figuras/fachadacolegio.png  used on input line 137.
(pdftex.def)             Requested size: 418.86482pt x 316.10593pt.
Package babel Info: Redefining portuges shorthand "|
(babel)             in language hidelinks on input line 140.


LaTeX Warning: Reference `UCmadre' on page 6 undefined on input line 142.

Package babel Info: Redefining portuges shorthand "|
(babel)             in language hidelinks on input line 144.
[6 <./Figuras/fachadacolegio.png>]
<Figuras/madre.png, id=81, 223.58531pt x 98.61844pt>
File: Figuras/madre.png Graphic file (type png)
<use Figuras/madre.png>
Package pdftex.def Info: Figuras/madre.png  used on input line 149.
(pdftex.def)             Requested size: 290.66084pt x 128.20393pt.
Package babel Info: Redefining portuges shorthand "|
(babel)             in language hidelinks on input line 152.
Package babel Info: Redefining portuges shorthand "|
(babel)             in language hidelinks on input line 155.


LaTeX Warning: Reference `chap:fundamentacao' on page 7 undefined on input line
 157.


LaTeX Warning: Reference `chap:atividades' on page 7 undefined on input line 15
7.


LaTeX Warning: Reference `chap:conclusao' on page 7 undefined on input line 157
.

Package babel Info: Redefining portuges shorthand "|
(babel)             in language hidelinks on input line 159.
[7 <./Figuras/madre.png>]
Cap\'{\i }tulo 2.
Package babel Info: Redefining portuges shorthand "|
(babel)             in language hidelinks on input line 159.
Package babel Info: Redefining portuges shorthand "|
(babel)             in language hidelinks on input line 164.

Package natbib Warning: Citation `magalhaes:2007' on page 8 undefined on input 
line 167.

Package babel Info: Redefining portuges shorthand "|
(babel)             in language hidelinks on input line 169.

Package natbib Warning: Citation `magalhaes:2007' on page 8 undefined on input 
line 171.


Package natbib Warning: Citation `magalhaes:2007' on page 8 undefined on input 
line 173.

Package babel Info: Redefining portuges shorthand "|
(babel)             in language hidelinks on input line 175.
Package babel Info: Redefining portuges shorthand "|
(babel)             in language hidelinks on input line 178.
[8

]

Package natbib Warning: Citation `magalhaes:2007' on page 9 undefined on input 
line 179.


Package natbib Warning: Citation `magalhaes:2007' on page 9 undefined on input 
line 186.


LaTeX Warning: Reference `UCmodelo' on page 9 undefined on input line 196.

Package babel Info: Redefining portuges shorthand "|
(babel)             in language hidelinks on input line 197.
[9]
Package babel Info: Redefining portuges shorthand "|
(babel)             in language hidelinks on input line 198.
 [10]
<Figuras/modelo.png, id=104, 406.51875pt x 279.29344pt>
File: Figuras/modelo.png Graphic file (type png)
<use Figuras/modelo.png>
Package pdftex.def Info: Figuras/modelo.png  used on input line 203.
(pdftex.def)             Requested size: 406.51775pt x 279.29276pt.
Package babel Info: Redefining portuges shorthand "|
(babel)             in language hidelinks on input line 207.


Package natbib Warning: Citation `filho:2011' on page 11 undefined on input lin
e 213.

Package babel Info: Redefining portuges shorthand "|
(babel)             in language hidelinks on input line 214.
[11 <./Figuras/modelo.png>]

Package natbib Warning: Citation `magalhaes:2007' on page 12 undefined on input
 line 215.


Package natbib Warning: Citation `magalhaes:2007' on page 12 undefined on input
 line 217.

Package babel Info: Redefining portuges shorthand "|
(babel)             in language hidelinks on input line 226.

Package natbib Warning: Citation `filho:2011' on page 12 undefined on input lin
e 228.

Package babel Info: Redefining portuges shorthand "|
(babel)             in language  on input line 230.
[12]

Package natbib Warning: Citation `magalhaes:2007' on page 13 undefined on input
 line 237.


Package natbib Warning: Citation `scremin:2015' on page 13 undefined on input l
ine 239.


Package natbib Warning: Citation `scremin:2015' on page 13 undefined on input l
ine 241.

Package babel Info: Redefining portuges shorthand "|
(babel)             in language hidelinks on input line 251.
[13]
Package babel Info: Redefining portuges shorthand "|
(babel)             in language hidelinks on input line 252.
 [14]
Cap\'{\i }tulo 3.
Package babel Info: Redefining portuges shorthand "|
(babel)             in language hidelinks on input line 252.
Package babel Info: Redefining portuges shorthand "|
(babel)             in language hidelinks on input line 257.

LaTeX Warning: Reference `tab:atividades3' on page 15 undefined on input line 2
62.


Underfull \vbox (badness 10000) detected at line 311
 []

Package babel Info: Redefining portuges shorthand "|
(babel)             in language hidelinks on input line 311.
[15

]
Package babel Info: Redefining portuges shorthand "|
(babel)             in language hidelinks on input line 318.
Package babel Info: Redefining portuges shorthand "|
(babel)             in language hidelinks on input line 331.
Package babel Info: Redefining portuges shorthand "|
(babel)             in language hidelinks on input line 336.
 [16]
Package babel Info: Redefining portuges shorthand "|
(babel)             in language hidelinks on input line 338.
Package babel Info: Redefining portuges shorthand "|
(babel)             in language hidelinks on input line 342.


LaTeX Warning: Reference `organizacao' on page 17 undefined on input line 343.

Package babel Info: Redefining portuges shorthand "|
(babel)             in language hidelinks on input line 344.
[17]
<Figuras/itop.png, id=139, 458.46281pt x 285.31593pt>
File: Figuras/itop.png Graphic file (type png)
<use Figuras/itop.png>
Package pdftex.def Info: Figuras/itop.png  used on input line 349.
(pdftex.def)             Requested size: 412.61272pt x 256.78195pt.
Package babel Info: Redefining portuges shorthand "|
(babel)             in language hidelinks on input line 355.


LaTeX Warning: Reference `localidades' on page 18 undefined on input line 356.

Package babel Info: Redefining portuges shorthand "|
(babel)             in language hidelinks on input line 357.
[18 <./Figuras/itop.png>]
<Figuras/itop1.png, id=145, 493.845pt x 292.09125pt>
File: Figuras/itop1.png Graphic file (type png)
<use Figuras/itop1.png>
Package pdftex.def Info: Figuras/itop1.png  used on input line 362.
(pdftex.def)             Requested size: 444.45638pt x 262.87967pt.
Package babel Info: Redefining portuges shorthand "|
(babel)             in language hidelinks on input line 369.


LaTeX Warning: Reference `pessoas' on page 19 undefined on input line 370.


LaTeX Warning: Reference `pessoas1' on page 19 undefined on input line 370.

Package babel Info: Redefining portuges shorthand "|
(babel)             in language hidelinks on input line 371.
[19 <./Figuras/itop1.png>]
<Figuras/criacaodepessoas.png, id=151, 521.69907pt x 211.54031pt>
File: Figuras/criacaodepessoas.png Graphic file (type png)
<use Figuras/criacaodepessoas.png>
Package pdftex.def Info: Figuras/criacaodepessoas.png  used on input line 376.
(pdftex.def)             Requested size: 469.52481pt x 190.3845pt.

Overfull \hbox (14.2807pt too wide) in paragraph at lines 376--378
 [][][] 
 []

Package babel Info: Redefining portuges shorthand "|
(babel)             in language hidelinks on input line 381.
[20 <./Figuras/criacaodepessoas.png>]
<Figuras/criacaodepessoas1.png, id=156, 508.14844pt x 461.47406pt>
File: Figuras/criacaodepessoas1.png Graphic file (type png)
<use Figuras/criacaodepessoas1.png>
Package pdftex.def Info: Figuras/criacaodepessoas1.png  used on input line 386.

(pdftex.def)             Requested size: 457.32936pt x 415.3228pt.

Overfull \hbox (2.08525pt too wide) in paragraph at lines 386--388
 [][][] 
 []


LaTeX Warning: Reference `pessoas' on page 21 undefined on input line 390.


LaTeX Warning: Reference `pessoas1' on page 21 undefined on input line 390.

Package babel Info: Redefining portuges shorthand "|
(babel)             in language hidelinks on input line 393.
Package babel Info: Redefining portuges shorthand "|
(babel)             in language hidelinks on input line 397.
Package babel Info: Redefining portuges shorthand "|
(babel)             in language hidelinks on input line 400.
[21 <./Figuras/criacaodepessoas1.png>]

LaTeX Warning: Reference `catalogo' on page 22 undefined on input line 403.

Package babel Info: Redefining portuges shorthand "|
(babel)             in language hidelinks on input line 405.
[22]
<Figuras/itop2.png, id=166, 472.01344pt x 118.94438pt>
File: Figuras/itop2.png Graphic file (type png)
<use Figuras/itop2.png>
Package pdftex.def Info: Figuras/itop2.png  used on input line 410.
(pdftex.def)             Requested size: 424.80817pt x 107.04893pt.
Package babel Info: Redefining portuges shorthand "|
(babel)             in language hidelinks on input line 416.


LaTeX Warning: Reference `definicao' on page 23 undefined on input line 418.

Package babel Info: Redefining portuges shorthand "|
(babel)             in language hidelinks on input line 420.
[23 <./Figuras/itop2.png>]
<Figuras/itop3.png, id=173, 493.0922pt x 224.33812pt>
File: Figuras/itop3.png Graphic file (type png)
<use Figuras/itop3.png>
Package pdftex.def Info: Figuras/itop3.png  used on input line 425.
(pdftex.def)             Requested size: 443.77887pt x 201.90244pt.


LaTeX Warning: Reference `acordo' on page 24 undefined on input line 431.

Package babel Info: Redefining portuges shorthand "|
(babel)             in language hidelinks on input line 433.
[24 <./Figuras/itop3.png>]
<Figuras/itop4.png, id=178, 418.56375pt x 168.63pt>
File: Figuras/itop4.png Graphic file (type png)
<use Figuras/itop4.png>
Package pdftex.def Info: Figuras/itop4.png  used on input line 438.
(pdftex.def)             Requested size: 376.70387pt x 151.76558pt.
Package babel Info: Redefining portuges shorthand "|
(babel)             in language hidelinks on input line 443.


LaTeX Warning: Reference `criacao' on page 25 undefined on input line 445.

Package babel Info: Redefining portuges shorthand "|
(babel)             in language hidelinks on input line 447.
[25 <./Figuras/itop4.png>]
<Figuras/itop5.png, id=184, 415.5525pt x 127.22531pt>
File: Figuras/itop5.png Graphic file (type png)
<use Figuras/itop5.png>
Package pdftex.def Info: Figuras/itop5.png  used on input line 452.
(pdftex.def)             Requested size: 373.99379pt x 114.50171pt.
Package babel Info: Redefining portuges shorthand "|
(babel)             in language hidelinks on input line 458.


LaTeX Warning: Reference `entrega' on page 26 undefined on input line 460.

Package babel Info: Redefining portuges shorthand "|
(babel)             in language hidelinks on input line 462.
[26 <./Figuras/itop5.png>]
<Figuras/itop6.png, id=190, 422.32782pt x 119.69719pt>
File: Figuras/itop6.png Graphic file (type png)
<use Figuras/itop6.png>
Package pdftex.def Info: Figuras/itop6.png  used on input line 467.
(pdftex.def)             Requested size: 380.09152pt x 107.72646pt.
Package babel Info: Redefining portuges shorthand "|
(babel)             in language hidelinks on input line 473.


LaTeX Warning: Reference `perfil' on page 27 undefined on input line 475.

Package babel Info: Redefining portuges shorthand "|
(babel)             in language hidelinks on input line 477.
[27 <./Figuras/itop6.png>]
<Figuras/itop7.png, id=196, 432.11438pt x 356.0803pt>
File: Figuras/itop7.png Graphic file (type png)
<use Figuras/itop7.png>
Package pdftex.def Info: Figuras/itop7.png  used on input line 482.
(pdftex.def)             Requested size: 388.89934pt x 320.46931pt.
Package babel Info: Redefining portuges shorthand "|
(babel)             in language hidelinks on input line 488.


LaTeX Warning: Reference `tab:atividades1' on page 28 undefined on input line 4
90.


LaTeX Warning: Reference `tab:atividades2' on page 28 undefined on input line 4
90.


Underfull \hbox (badness 10000) in paragraph at lines 525--526
[][]|\T1/cmr/m/n/12 Inicio:
 []


Underfull \hbox (badness 10000) in paragraph at lines 525--526
\T1/cmr/m/n/12 01/11/2017
 []


Underfull \hbox (badness 10000) in paragraph at lines 525--526
\T1/cmr/m/n/12 Fim:
 []


Underfull \hbox (badness 10000) in paragraph at lines 527--529
[]|\T1/cmr/m/n/12 Inicio:
 []


Underfull \hbox (badness 10000) in paragraph at lines 527--529
\T1/cmr/m/n/12 10/11/2017
 []


Underfull \hbox (badness 10000) in paragraph at lines 527--529
\T1/cmr/m/n/12 Fim:
 []


Underfull \hbox (badness 1383) in paragraph at lines 530--530
[][]|\T1/cmr/m/n/12 Montagem e for-ma-ta-o
 []


Underfull \hbox (badness 10000) in paragraph at lines 530--532
[]|\T1/cmr/m/n/12 Inicio:
 []


Underfull \hbox (badness 10000) in paragraph at lines 530--532
\T1/cmr/m/n/12 13/11/2017
 []


Underfull \hbox (badness 10000) in paragraph at lines 530--532
\T1/cmr/m/n/12 Fim:
 []


Underfull \hbox (badness 5203) in paragraph at lines 533--533
\T1/cmr/m/n/12 mon-ta-gem do ge-ren-ci-a-
 []


Underfull \hbox (badness 10000) in paragraph at lines 533--535
[]|\T1/cmr/m/n/12 Inicio:
 []


Underfull \hbox (badness 10000) in paragraph at lines 533--535
\T1/cmr/m/n/12 16/11/2017
 []


Underfull \hbox (badness 10000) in paragraph at lines 533--535
\T1/cmr/m/n/12 Fim:
 []


Underfull \hbox (badness 10000) in paragraph at lines 536--538
[]|\T1/cmr/m/n/12 Inicio:
 []


Underfull \hbox (badness 10000) in paragraph at lines 536--538
\T1/cmr/m/n/12 18/11/2017
 []


Underfull \hbox (badness 10000) in paragraph at lines 536--538
\T1/cmr/m/n/12 Fim:
 []


Underfull \hbox (badness 10000) in paragraph at lines 539--541
[]|\T1/cmr/m/n/12 Inicio:
 []


Underfull \hbox (badness 10000) in paragraph at lines 539--541
\T1/cmr/m/n/12 24/11/2017
 []


Underfull \hbox (badness 10000) in paragraph at lines 539--541
\T1/cmr/m/n/12 Fim:
 []


Underfull \vbox (badness 10000) detected at line 543
 []

Package babel Info: Redefining portuges shorthand "|
(babel)             in language hidelinks on input line 543.
[28 <./Figuras/itop7.png>]
Underfull \hbox (badness 10000) in paragraph at lines 584--586
[]|\T1/cmr/m/n/12 Inicio:
 []


Underfull \hbox (badness 10000) in paragraph at lines 584--586
\T1/cmr/m/n/12 30/11/2017
 []


Underfull \hbox (badness 10000) in paragraph at lines 584--586
\T1/cmr/m/n/12 Fim:
 []


Underfull \hbox (badness 10000) in paragraph at lines 587--587
\T1/cmr/m/n/12 da em-presa(Setores da
 []


Underfull \hbox (badness 10000) in paragraph at lines 587--587
\T1/cmr/m/n/12 em-presa), uti-li-zando o
 []


Underfull \hbox (badness 10000) in paragraph at lines 587--589
[]|\T1/cmr/m/n/12 Inicio:
 []


Underfull \hbox (badness 10000) in paragraph at lines 587--589
\T1/cmr/m/n/12 04/12/2017
 []


Underfull \hbox (badness 10000) in paragraph at lines 587--589
\T1/cmr/m/n/12 Fim:
 []


Underfull \hbox (badness 1789) in paragraph at lines 590--590
[][]|\T1/cmr/m/n/12 Criao das lo-ca-li-za-es
 []


Underfull \hbox (badness 10000) in paragraph at lines 590--592
[]|\T1/cmr/m/n/12 Inicio:
 []


Underfull \hbox (badness 10000) in paragraph at lines 590--592
\T1/cmr/m/n/12 05/12/2017
 []


Underfull \hbox (badness 10000) in paragraph at lines 590--592
\T1/cmr/m/n/12 Fim :
 []


Underfull \hbox (badness 2142) in paragraph at lines 593--593
[][]|\T1/cmr/m/n/12 Insero dos da-dos dos
 []


Underfull \hbox (badness 10000) in paragraph at lines 593--595
[]|\T1/cmr/m/n/12 Inicio:
 []


Underfull \hbox (badness 10000) in paragraph at lines 593--595
\T1/cmr/m/n/12 06/12/2017
 []


Underfull \hbox (badness 10000) in paragraph at lines 593--595
\T1/cmr/m/n/12 Fim:
 []


Underfull \hbox (badness 2608) in paragraph at lines 596--596
\T1/cmr/m/n/12 de con-fi-gu-ra-o no sis-
 []


Underfull \hbox (badness 10000) in paragraph at lines 596--598
[]|\T1/cmr/m/n/12 Inicio:
 []


Underfull \hbox (badness 10000) in paragraph at lines 596--598
\T1/cmr/m/n/12 08/12/2017
 []


Underfull \hbox (badness 10000) in paragraph at lines 596--598
\T1/cmr/m/n/12 Fim:
 []


Underfull \hbox (badness 2119) in paragraph at lines 599--599
[][]|\T1/cmr/m/n/12 Criao do ca-t-logo de
 []


Underfull \hbox (badness 10000) in paragraph at lines 599--600
[]|\T1/cmr/m/n/12 Inicio:
 []


Underfull \hbox (badness 10000) in paragraph at lines 599--600
\T1/cmr/m/n/12 15/12/2017
 []


Underfull \hbox (badness 10000) in paragraph at lines 599--600
\T1/cmr/m/n/12 Fim:
 []


Underfull \hbox (badness 1205) in paragraph at lines 601--601
[][]|\T1/cmr/m/n/12 Definio do mo-delo de
 []


Underfull \hbox (badness 10000) in paragraph at lines 601--603
[]|\T1/cmr/m/n/12 Inicio :
 []


Underfull \hbox (badness 10000) in paragraph at lines 601--603
\T1/cmr/m/n/12 19/12/2017
 []


Underfull \hbox (badness 10000) in paragraph at lines 601--603
\T1/cmr/m/n/12 Fim :
 []


Underfull \hbox (badness 10000) in paragraph at lines 604--606
[]|\T1/cmr/m/n/12 Inicio :
 []


Underfull \hbox (badness 10000) in paragraph at lines 604--606
\T1/cmr/m/n/12 20/12/2017
 []


Underfull \hbox (badness 10000) in paragraph at lines 604--606
\T1/cmr/m/n/12 Fim :
 []


Underfull \hbox (badness 10000) in paragraph at lines 607--609
[]|\T1/cmr/m/n/12 Inicio :
 []


Underfull \hbox (badness 10000) in paragraph at lines 607--609
\T1/cmr/m/n/12 21/12/2017
 []


Underfull \hbox (badness 10000) in paragraph at lines 607--609
\T1/cmr/m/n/12 Fim:
 []


Underfull \hbox (badness 10000) in paragraph at lines 610--612
[]|\T1/cmr/m/n/12 Inicio:
 []


Underfull \hbox (badness 10000) in paragraph at lines 610--612
\T1/cmr/m/n/12 08/01/2018
 []


Underfull \hbox (badness 10000) in paragraph at lines 610--612
\T1/cmr/m/n/12 Fim:
 []


Underfull \hbox (badness 10000) in paragraph at lines 613--615
[]|\T1/cmr/m/n/12 Inicio:
 []


Underfull \hbox (badness 10000) in paragraph at lines 613--615
\T1/cmr/m/n/12 10/01/2018
 []


Underfull \hbox (badness 10000) in paragraph at lines 613--615
\T1/cmr/m/n/12 Fim:
 []


Underfull \hbox (badness 7667) in paragraph at lines 616--618
[]|\T1/cmr/m/n/12 Inicio: 15/
 []


Underfull \hbox (badness 6032) in paragraph at lines 619--619
\T1/cmr/m/n/12 nal e apre-sen-ta-o do
 []


Underfull \hbox (badness 10000) in paragraph at lines 619--621
[]|\T1/cmr/m/n/12 Inicio:
 []


Underfull \hbox (badness 10000) in paragraph at lines 619--621
\T1/cmr/m/n/12 01/11/2017
 []


Underfull \hbox (badness 10000) in paragraph at lines 619--621
\T1/cmr/m/n/12 Fim:
 []


Underfull \vbox (badness 10000) detected at line 623
 []

Package babel Info: Redefining portuges shorthand "|
(babel)             in language hidelinks on input line 623.
[29]
Package babel Info: Redefining portuges shorthand "|
(babel)             in language hidelinks on input line 623.
 [30]
Package babel Info: Redefining portuges shorthand "|
(babel)             in language hidelinks on input line 628.
 [31]
Cap\'{\i }tulo 4.
Package babel Info: Redefining portuges shorthand "|
(babel)             in language hidelinks on input line 628.
:<+ eso.bbl
No file eso.bbl.
:<-
Package babel Info: Redefining portuges shorthand "|
(babel)             in language hidelinks on input line 646.

Package natbib Warning: There were undefined citations.

Package babel Info: Redefining portuges shorthand "|
(babel)             in language hidelinks on input line 648.
[32

]
Package atveryend Info: Empty hook `BeforeClearDocument' on input line 648.
Package atveryend Info: Empty hook `AfterLastShipout' on input line 648.
 (eso.aux)
Package atveryend Info: Executing hook `AtVeryEndDocument' on input line 648.
Package atveryend Info: Executing hook `AtEndAfterFileList' on input line 648.


Package rerunfilecheck Warning: File `eso.out' has changed.
(rerunfilecheck)                Rerun to get outlines right
(rerunfilecheck)                or use package `bookmark'.

Package rerunfilecheck Info: Checksums for `eso.out':
(rerunfilecheck)             Before: <no file>
(rerunfilecheck)             After:  96742D252E841E01EED113FB65E36916;2673.

LaTeX Warning: There were undefined references.


LaTeX Warning: Label(s) may have changed. Rerun to get cross-references right.

Package atveryend Info: Empty hook `AtVeryVeryEnd' on input line 648.
 ) 
Here is how much of TeX's memory you used:
 37860 strings out of 492973
 705872 string characters out of 3125806
 831700 words of memory out of 3000000
 41041 multiletter control sequences out of 15000+200000
 555384 words of font info for 85 fonts, out of 3000000 for 9000
 1141 hyphenation exceptions out of 8191
 68i,14n,98p,2018b,478s stack positions out of 5000i,500n,10000p,200000b,50000s
 <C:\Users\EMANUEL\AppData\Local\MiKTeX\2.9\fonts\pk\ljfour\jknappen\ec\dpi60
0\ecrm1000.pk> <C:\Users\EMANUEL\AppData\Local\MiKTeX\2.9\fonts\pk\ljfour\jknap
pen\ec\dpi600\ecti1200.pk> <C:\Users\EMANUEL\AppData\Local\MiKTeX\2.9\fonts\pk\
ljfour\jknappen\ec\dpi600\tcrm1200.pk> <C:\Users\EMANUEL\AppData\Local\MiKTeX\2
.9\fonts\pk\ljfour\jknappen\ec\dpi600\ecbx1200.pk> <C:\Users\EMANUEL\AppData\Lo
cal\MiKTeX\2.9\fonts\pk\ljfour\jknappen\ec\dpi600\ecbx2488.pk> <C:\Users\EMANUE
L\AppData\Local\MiKTeX\2.9\fonts\pk\ljfour\jknappen\ec\dpi600\ecbx2074.pk> <C:\
Users\EMANUEL\AppData\Local\MiKTeX\2.9\fonts\pk\ljfour\jknappen\ec\dpi600\ecrm1
728.pk> <C:\Users\EMANUEL\AppData\Local\MiKTeX\2.9\fonts\pk\ljfour\jknappen\ec\
dpi600\ecrm1200.pk> <C:\Users\EMANUEL\AppData\Local\MiKTeX\2.9\fonts\pk\ljfour\
jknappen\ec\dpi600\ecbx1728.pk> <C:\Users\EMANUEL\AppData\Local\MiKTeX\2.9\font
s\pk\ljfour\jknappen\ec\dpi600\ecbx1440.pk> <C:\Users\EMANUEL\AppData\Local\MiK
TeX\2.9\fonts\pk\ljfour\jknappen\ec\dpi600\ecrm1440.pk>
Output written on eso.pdf (40 pages, 1476217 bytes).
PDF statistics:
 686 PDF objects out of 1000 (max. 8388607)
 54 named destinations out of 1000 (max. 500000)
 88 words of extra memory for PDF output out of 10000 (max. 10000000)

