\BOOKMARK [0][-]{chapter*.4}{Lista de Figuras}{}% 1
\BOOKMARK [0][-]{chapter*.5}{Lista de Tabelas}{}% 2
\BOOKMARK [0][-]{chapter.1}{Introdu\347\343o}{}% 3
\BOOKMARK [1][-]{section.1.1}{Objetivo geral}{chapter.1}% 4
\BOOKMARK [2][-]{subsection.1.1.1}{Objetivos espec\355ficos}{section.1.1}% 5
\BOOKMARK [1][-]{section.1.2}{Justificativa}{chapter.1}% 6
\BOOKMARK [1][-]{section.1.3}{A empresa}{chapter.1}% 7
\BOOKMARK [2][-]{subsection.1.3.1}{Col\351gio Damas Santa Sofia}{section.1.3}% 8
\BOOKMARK [2][-]{subsection.1.3.2}{Funda\347\343o da Rede Damas}{section.1.3}% 9
\BOOKMARK [2][-]{subsection.1.3.3}{Damas no Brasil}{section.1.3}% 10
\BOOKMARK [1][-]{section.1.4}{Organiza\347\343o do relat\363rio}{chapter.1}% 11
\BOOKMARK [0][-]{chapter.2}{Fundamenta\347\343o Te\363rica}{}% 12
\BOOKMARK [1][-]{section.2.1}{A ITIL}{chapter.2}% 13
\BOOKMARK [2][-]{subsection.2.1.1}{Gerenciamento de processos}{section.2.1}% 14
\BOOKMARK [2][-]{subsection.2.1.2}{Modelo de refer\352ncia e a ITIL}{section.2.1}% 15
\BOOKMARK [2][-]{subsection.2.1.3}{Gerenciamento de configura\347\343o}{section.2.1}% 16
\BOOKMARK [2][-]{subsection.2.1.4}{Central de servi\347os}{section.2.1}% 17
\BOOKMARK [0][-]{chapter.3}{Atividades Desenvolvidas}{}% 18
\BOOKMARK [1][-]{section.3.1}{An\341lise de requisitos}{chapter.3}% 19
\BOOKMARK [1][-]{section.3.2}{Recurso utilizados \(Hardware e Software\)}{chapter.3}% 20
\BOOKMARK [1][-]{section.3.3}{Sobre o ITOP}{chapter.3}% 21
\BOOKMARK [1][-]{section.3.4}{Trabalhando com ITOP}{chapter.3}% 22
\BOOKMARK [2][-]{subsection.3.4.1}{Defini\347\343o das estruturas das organiza\347\365es da empresa. }{section.3.4}% 23
\BOOKMARK [2][-]{subsection.3.4.2}{Cria\347\343o das localiza\347\365es}{section.3.4}% 24
\BOOKMARK [2][-]{subsection.3.4.3}{Cria\347\343o das pessoas\(usu\341rios do sistema\)}{section.3.4}% 25
\BOOKMARK [2][-]{subsection.3.4.4}{Cria\347\343o dos itens de configura\347\343o}{section.3.4}% 26
\BOOKMARK [2][-]{subsection.3.4.5}{Cria\347\343o do cat\341logo de servi\347os}{section.3.4}% 27
\BOOKMARK [2][-]{subsection.3.4.6}{Defini\347\343o de objetivos de n\355veis de servi\347os e acordo de n\355veis de servi\347os}{section.3.4}% 28
\BOOKMARK [2][-]{subsection.3.4.7}{Cria\347\343o dos contratos com os clientes }{section.3.4}% 29
\BOOKMARK [2][-]{subsection.3.4.8}{Defini\347\343o do modelo de entrega}{section.3.4}% 30
\BOOKMARK [2][-]{subsection.3.4.9}{Cria\347\343o dos perfis de acessos}{section.3.4}% 31
\BOOKMARK [2][-]{subsection.3.4.10}{Detalhamentos das atividades executadas}{section.3.4}% 32
\BOOKMARK [0][-]{chapter.4}{Conclus\365es}{}% 33
\BOOKMARK [0][-]{chapter.4}{Bibliografia}{}% 34
